

================================================================
== Vitis HLS Report for 'CONVOLUTION_LAYER_1_Pipeline_VITIS_LOOP_101_2_VITIS_LOOP_102_3'
================================================================
* Date:           Sat Feb  1 13:07:59 2025

* Version:        2024.2 (Build 5238294 on Nov  8 2024)
* Project:        Lenet_HLS_Component
* Solution:       hls (Vivado IP Flow Target)
* Product family: zynquplus
* Target device:  xczu7ev-ffvc1156-2-e


================================================================
== Performance Estimates
================================================================
+ Timing: 
    * Summary: 
    +--------+----------+----------+------------+
    |  Clock |  Target  | Estimated| Uncertainty|
    +--------+----------+----------+------------+
    |ap_clk  |  10.00 ns|  7.057 ns|     2.70 ns|
    +--------+----------+----------+------------+

+ Latency: 
    * Summary: 
    +---------+---------+-----------+-----------+------+------+------------------------------------------------+
    |  Latency (cycles) |   Latency (absolute)  |   Interval  |                    Pipeline                    |
    |   min   |   max   |    min    |    max    |  min |  max |                      Type                      |
    +---------+---------+-----------+-----------+------+------+------------------------------------------------+
    |     4739|     4739|  47.390 us|  47.390 us|  4705|  4705|  loop auto-rewind stp (delay=0 clock cycles(s))|
    +---------+---------+-----------+-----------+------+------+------------------------------------------------+

    + Detail: 
        * Instance: 
        N/A

        * Loop: 
        +-------------------------------------+---------+---------+----------+-----------+-----------+------+----------+
        |                                     |  Latency (cycles) | Iteration|  Initiation Interval  | Trip |          |
        |              Loop Name              |   min   |   max   |  Latency |  achieved |   target  | Count| Pipelined|
        +-------------------------------------+---------+---------+----------+-----------+-----------+------+----------+
        |- VITIS_LOOP_101_2_VITIS_LOOP_102_3  |     4737|     4737|        35|          1|          1|  4704|       yes|
        +-------------------------------------+---------+---------+----------+-----------+-----------+------+----------+

============================================================
+ Verbose Summary: Synthesis Manager
============================================================
InlineROM: 1
ExposeGlobal: 0
============================================================
+ Verbose Summary: CDFG Model
============================================================
IsTopModel: 0
ResetActiveHigh: 1
IsCombinational: 0
IsDatapathOnly: 0
HasWiredReturn: 1
HasMFsm: 2
HasVarLatency: 1
IsPipeline: 0
IsRtlPipelined: 0
IsInstanceOverlapped: 0
IsDontTouch: 0
HasImplIP: 0
IsGatedGlobalClock: 0

+ Individual pipeline summary: 
  * Pipeline-0: initiation interval (II) = 1, depth = 35


============================================================
+ Verbose Summary: Schedule
============================================================
* Number of FSM states : 35
* Pipeline : 1
  Pipeline-0 : II = 1, D = 35, States = { 1 2 3 4 5 6 7 8 9 10 11 12 13 14 15 16 17 18 19 20 21 22 23 24 25 26 27 28 29 30 31 32 33 34 35 }
* Dataflow Pipeline: 0

* FSM state transitions: 
1 --> 2 
2 --> 3 
3 --> 4 
4 --> 5 
5 --> 6 
6 --> 7 
7 --> 8 
8 --> 9 
9 --> 10 
10 --> 11 
11 --> 12 
12 --> 13 
13 --> 14 
14 --> 15 
15 --> 16 
16 --> 17 
17 --> 18 
18 --> 19 
19 --> 20 
20 --> 21 
21 --> 22 
22 --> 23 
23 --> 24 
24 --> 25 
25 --> 26 
26 --> 27 
27 --> 28 
28 --> 29 
29 --> 30 
30 --> 31 
31 --> 32 
32 --> 33 
33 --> 34 
34 --> 35 
35 --> 

* FSM state operations: 

State 1 <SV = 0> <Delay = 2.85>
ST_1 : Operation 38 [1/1] (0.00ns)   --->   "%k = alloca i32 1" [../lenet5/hw_layers/image_convolution.cpp:102]   --->   Operation 38 'alloca' 'k' <Predicate = true> <Delay = 0.00>
ST_1 : Operation 39 [1/1] (0.00ns)   --->   "%j = alloca i32 1" [../lenet5/hw_layers/image_convolution.cpp:101]   --->   Operation 39 'alloca' 'j' <Predicate = true> <Delay = 0.00>
ST_1 : Operation 40 [1/1] (0.00ns)   --->   "%indvar_flatten49 = alloca i32 1"   --->   Operation 40 'alloca' 'indvar_flatten49' <Predicate = true> <Delay = 0.00>
ST_1 : Operation 41 [1/1] (0.00ns)   --->   "%hconv1_local_local = alloca i64 1"   --->   Operation 41 'alloca' 'hconv1_local_local' <Predicate = true> <Delay = 0.00> <CoreInst = "RAM">   --->   Core 82 'RAM' <Latency = 1> <II = 1> <Delay = 1.23> <Storage> <Opcode : 'load' 'store'> <Ports = 2> <Width = 32> <Depth = 941> <RAM>
ST_1 : Operation 42 [1/1] (0.00ns)   --->   "%hconv1_1_local_local = alloca i64 1"   --->   Operation 42 'alloca' 'hconv1_1_local_local' <Predicate = true> <Delay = 0.00> <CoreInst = "RAM">   --->   Core 82 'RAM' <Latency = 1> <II = 1> <Delay = 1.23> <Storage> <Opcode : 'load' 'store'> <Ports = 2> <Width = 32> <Depth = 941> <RAM>
ST_1 : Operation 43 [1/1] (0.00ns)   --->   "%hconv1_2_local_local = alloca i64 1"   --->   Operation 43 'alloca' 'hconv1_2_local_local' <Predicate = true> <Delay = 0.00> <CoreInst = "RAM">   --->   Core 82 'RAM' <Latency = 1> <II = 1> <Delay = 1.23> <Storage> <Opcode : 'load' 'store'> <Ports = 2> <Width = 32> <Depth = 941> <RAM>
ST_1 : Operation 44 [1/1] (0.00ns)   --->   "%hconv1_3_local_local = alloca i64 1"   --->   Operation 44 'alloca' 'hconv1_3_local_local' <Predicate = true> <Delay = 0.00> <CoreInst = "RAM">   --->   Core 82 'RAM' <Latency = 1> <II = 1> <Delay = 1.23> <Storage> <Opcode : 'load' 'store'> <Ports = 2> <Width = 32> <Depth = 941> <RAM>
ST_1 : Operation 45 [1/1] (0.00ns)   --->   "%hconv1_4_local_local = alloca i64 1"   --->   Operation 45 'alloca' 'hconv1_4_local_local' <Predicate = true> <Delay = 0.00> <CoreInst = "RAM">   --->   Core 82 'RAM' <Latency = 1> <II = 1> <Delay = 1.23> <Storage> <Opcode : 'load' 'store'> <Ports = 2> <Width = 32> <Depth = 941> <RAM>
ST_1 : Operation 46 [1/1] (0.42ns)   --->   "%store_ln0 = store i13 0, i13 %indvar_flatten49"   --->   Operation 46 'store' 'store_ln0' <Predicate = true> <Delay = 0.42>
ST_1 : Operation 47 [1/1] (0.42ns)   --->   "%store_ln101 = store i3 0, i3 %j" [../lenet5/hw_layers/image_convolution.cpp:101]   --->   Operation 47 'store' 'store_ln101' <Predicate = true> <Delay = 0.42>
ST_1 : Operation 48 [1/1] (0.42ns)   --->   "%store_ln102 = store i10 0, i10 %k" [../lenet5/hw_layers/image_convolution.cpp:102]   --->   Operation 48 'store' 'store_ln102' <Predicate = true> <Delay = 0.42>
ST_1 : Operation 49 [1/1] (0.00ns)   --->   "%br_ln0 = br void %for.inc186"   --->   Operation 49 'br' 'br_ln0' <Predicate = true> <Delay = 0.00>
ST_1 : Operation 50 [1/1] (0.00ns)   --->   "%indvar_flatten49_load = load i13 %indvar_flatten49" [../lenet5/hw_layers/image_convolution.cpp:101]   --->   Operation 50 'load' 'indvar_flatten49_load' <Predicate = true> <Delay = 0.00>
ST_1 : Operation 51 [1/1] (0.82ns)   --->   "%icmp_ln101 = icmp_eq  i13 %indvar_flatten49_load, i13 4704" [../lenet5/hw_layers/image_convolution.cpp:101]   --->   Operation 51 'icmp' 'icmp_ln101' <Predicate = true> <Delay = 0.82> <CoreInst = "Cmp">   --->   Core 9 'Cmp' <Latency = 0> <II = 1> <Delay = 0.82> <FuncUnit> <Opcode : 'seteq' 'setne' 'setle' 'setge' 'setlt' 'setgt'> <InPorts = 2> <OutPorts = 1>
ST_1 : Operation 52 [1/1] (0.82ns)   --->   "%add_ln101_1 = add i13 %indvar_flatten49_load, i13 1" [../lenet5/hw_layers/image_convolution.cpp:101]   --->   Operation 52 'add' 'add_ln101_1' <Predicate = true> <Delay = 0.82> <CoreInst = "Adder">   --->   Core 1 'Adder' <Latency = 0> <II = 1> <Delay = 0.82> <FuncUnit> <Opcode : 'add' 'sub'> <InPorts = 2> <OutPorts = 1>
ST_1 : Operation 53 [1/1] (0.00ns)   --->   "%br_ln101 = br i1 %icmp_ln101, void %for.inc189, void %for.end194.exitStub" [../lenet5/hw_layers/image_convolution.cpp:101]   --->   Operation 53 'br' 'br_ln101' <Predicate = true> <Delay = 0.00>
ST_1 : Operation 54 [1/1] (0.00ns)   --->   "%k_load = load i10 %k" [../lenet5/hw_layers/image_convolution.cpp:102]   --->   Operation 54 'load' 'k_load' <Predicate = (!icmp_ln101)> <Delay = 0.00>
ST_1 : Operation 55 [1/1] (0.78ns)   --->   "%icmp_ln102 = icmp_eq  i10 %k_load, i10 784" [../lenet5/hw_layers/image_convolution.cpp:102]   --->   Operation 55 'icmp' 'icmp_ln102' <Predicate = (!icmp_ln101)> <Delay = 0.78> <CoreInst = "Cmp">   --->   Core 9 'Cmp' <Latency = 0> <II = 1> <Delay = 0.78> <FuncUnit> <Opcode : 'seteq' 'setne' 'setle' 'setge' 'setlt' 'setgt'> <InPorts = 2> <OutPorts = 1>
ST_1 : Operation 56 [1/1] (0.40ns)   --->   "%select_ln101 = select i1 %icmp_ln102, i10 0, i10 %k_load" [../lenet5/hw_layers/image_convolution.cpp:101]   --->   Operation 56 'select' 'select_ln101' <Predicate = (!icmp_ln101)> <Delay = 0.40> <CoreInst = "Sel">   --->   Core 73 'Sel' <Latency = 0> <II = 1> <Delay = 0.40> <FuncUnit> <Opcode : 'select'> <InPorts = 3> <OutPorts = 1>
ST_1 : Operation 57 [1/1] (0.00ns)   --->   "%zext_ln102_1 = zext i10 %select_ln101" [../lenet5/hw_layers/image_convolution.cpp:102]   --->   Operation 57 'zext' 'zext_ln102_1' <Predicate = (!icmp_ln101)> <Delay = 0.00>
ST_1 : Operation 58 [1/1] (0.00ns)   --->   "%OBRAM_addr = getelementptr i32 %OBRAM, i64 0, i64 %zext_ln102_1" [../lenet5/hw_layers/image_convolution.cpp:104]   --->   Operation 58 'getelementptr' 'OBRAM_addr' <Predicate = (!icmp_ln101)> <Delay = 0.00>
ST_1 : Operation 59 [1/1] (0.00ns)   --->   "%OBRAM_1_addr = getelementptr i32 %OBRAM_1, i64 0, i64 %zext_ln102_1" [../lenet5/hw_layers/image_convolution.cpp:104]   --->   Operation 59 'getelementptr' 'OBRAM_1_addr' <Predicate = (!icmp_ln101)> <Delay = 0.00>
ST_1 : Operation 60 [1/1] (0.00ns)   --->   "%OBRAM_2_addr = getelementptr i32 %OBRAM_2, i64 0, i64 %zext_ln102_1" [../lenet5/hw_layers/image_convolution.cpp:104]   --->   Operation 60 'getelementptr' 'OBRAM_2_addr' <Predicate = (!icmp_ln101)> <Delay = 0.00>
ST_1 : Operation 61 [1/1] (0.00ns)   --->   "%OBRAM_3_addr = getelementptr i32 %OBRAM_3, i64 0, i64 %zext_ln102_1" [../lenet5/hw_layers/image_convolution.cpp:104]   --->   Operation 61 'getelementptr' 'OBRAM_3_addr' <Predicate = (!icmp_ln101)> <Delay = 0.00>
ST_1 : Operation 62 [1/1] (0.00ns)   --->   "%OBRAM_4_addr = getelementptr i32 %OBRAM_4, i64 0, i64 %zext_ln102_1" [../lenet5/hw_layers/image_convolution.cpp:104]   --->   Operation 62 'getelementptr' 'OBRAM_4_addr' <Predicate = (!icmp_ln101)> <Delay = 0.00>
ST_1 : Operation 63 [1/1] (0.00ns)   --->   "%OBRAM_5_addr = getelementptr i32 %OBRAM_5, i64 0, i64 %zext_ln102_1" [../lenet5/hw_layers/image_convolution.cpp:104]   --->   Operation 63 'getelementptr' 'OBRAM_5_addr' <Predicate = (!icmp_ln101)> <Delay = 0.00>
ST_1 : Operation 64 [2/2] (1.23ns)   --->   "%OBRAM_load = load i10 %OBRAM_addr" [../lenet5/hw_layers/image_convolution.cpp:104]   --->   Operation 64 'load' 'OBRAM_load' <Predicate = (!icmp_ln101)> <Delay = 1.23> <CoreInst = "RAM">   --->   Core 82 'RAM' <Latency = 1> <II = 1> <Delay = 1.23> <Storage> <Opcode : 'load' 'store'> <Ports = 2> <Width = 32> <Depth = 784> <RAM>
ST_1 : Operation 65 [2/2] (1.23ns)   --->   "%OBRAM_1_load = load i10 %OBRAM_1_addr" [../lenet5/hw_layers/image_convolution.cpp:104]   --->   Operation 65 'load' 'OBRAM_1_load' <Predicate = (!icmp_ln101)> <Delay = 1.23> <CoreInst = "RAM">   --->   Core 82 'RAM' <Latency = 1> <II = 1> <Delay = 1.23> <Storage> <Opcode : 'load' 'store'> <Ports = 2> <Width = 32> <Depth = 784> <RAM>
ST_1 : Operation 66 [2/2] (1.23ns)   --->   "%OBRAM_2_load = load i10 %OBRAM_2_addr" [../lenet5/hw_layers/image_convolution.cpp:104]   --->   Operation 66 'load' 'OBRAM_2_load' <Predicate = (!icmp_ln101)> <Delay = 1.23> <CoreInst = "RAM">   --->   Core 82 'RAM' <Latency = 1> <II = 1> <Delay = 1.23> <Storage> <Opcode : 'load' 'store'> <Ports = 2> <Width = 32> <Depth = 784> <RAM>
ST_1 : Operation 67 [2/2] (1.23ns)   --->   "%OBRAM_3_load = load i10 %OBRAM_3_addr" [../lenet5/hw_layers/image_convolution.cpp:104]   --->   Operation 67 'load' 'OBRAM_3_load' <Predicate = (!icmp_ln101)> <Delay = 1.23> <CoreInst = "RAM">   --->   Core 82 'RAM' <Latency = 1> <II = 1> <Delay = 1.23> <Storage> <Opcode : 'load' 'store'> <Ports = 2> <Width = 32> <Depth = 784> <RAM>
ST_1 : Operation 68 [2/2] (1.23ns)   --->   "%OBRAM_4_load = load i10 %OBRAM_4_addr" [../lenet5/hw_layers/image_convolution.cpp:104]   --->   Operation 68 'load' 'OBRAM_4_load' <Predicate = (!icmp_ln101)> <Delay = 1.23> <CoreInst = "RAM">   --->   Core 82 'RAM' <Latency = 1> <II = 1> <Delay = 1.23> <Storage> <Opcode : 'load' 'store'> <Ports = 2> <Width = 32> <Depth = 784> <RAM>
ST_1 : Operation 69 [2/2] (1.23ns)   --->   "%OBRAM_5_load = load i10 %OBRAM_5_addr" [../lenet5/hw_layers/image_convolution.cpp:104]   --->   Operation 69 'load' 'OBRAM_5_load' <Predicate = (!icmp_ln101)> <Delay = 1.23> <CoreInst = "RAM">   --->   Core 82 'RAM' <Latency = 1> <II = 1> <Delay = 1.23> <Storage> <Opcode : 'load' 'store'> <Ports = 2> <Width = 32> <Depth = 784> <RAM>
ST_1 : Operation 70 [1/1] (0.78ns)   --->   "%add_ln102 = add i10 %select_ln101, i10 1" [../lenet5/hw_layers/image_convolution.cpp:102]   --->   Operation 70 'add' 'add_ln102' <Predicate = (!icmp_ln101)> <Delay = 0.78> <CoreInst = "Adder">   --->   Core 1 'Adder' <Latency = 0> <II = 1> <Delay = 0.78> <FuncUnit> <Opcode : 'add' 'sub'> <InPorts = 2> <OutPorts = 1>
ST_1 : Operation 71 [1/1] (0.42ns)   --->   "%store_ln101 = store i13 %add_ln101_1, i13 %indvar_flatten49" [../lenet5/hw_layers/image_convolution.cpp:101]   --->   Operation 71 'store' 'store_ln101' <Predicate = (!icmp_ln101)> <Delay = 0.42>
ST_1 : Operation 72 [1/1] (0.42ns)   --->   "%store_ln102 = store i10 %add_ln102, i10 %k" [../lenet5/hw_layers/image_convolution.cpp:102]   --->   Operation 72 'store' 'store_ln102' <Predicate = (!icmp_ln101)> <Delay = 0.42>

State 2 <SV = 1> <Delay = 2.84>
ST_2 : Operation 73 [1/1] (0.00ns)   --->   "%j_load = load i3 %j" [../lenet5/hw_layers/image_convolution.cpp:101]   --->   Operation 73 'load' 'j_load' <Predicate = true> <Delay = 0.00>
ST_2 : Operation 74 [1/1] (0.67ns)   --->   "%add_ln101 = add i3 %j_load, i3 1" [../lenet5/hw_layers/image_convolution.cpp:101]   --->   Operation 74 'add' 'add_ln101' <Predicate = (icmp_ln102)> <Delay = 0.67> <CoreInst = "Adder">   --->   Core 1 'Adder' <Latency = 0> <II = 1> <Delay = 0.67> <FuncUnit> <Opcode : 'add' 'sub'> <InPorts = 2> <OutPorts = 1>
ST_2 : Operation 75 [1/1] (0.20ns)   --->   "%select_ln101_1 = select i1 %icmp_ln102, i3 %add_ln101, i3 %j_load" [../lenet5/hw_layers/image_convolution.cpp:101]   --->   Operation 75 'select' 'select_ln101_1' <Predicate = true> <Delay = 0.20> <CoreInst = "Sel">   --->   Core 73 'Sel' <Latency = 0> <II = 1> <Delay = 0.20> <FuncUnit> <Opcode : 'select'> <InPorts = 3> <OutPorts = 1>
ST_2 : Operation 76 [1/1] (0.00ns)   --->   "%zext_ln101 = zext i3 %select_ln101_1" [../lenet5/hw_layers/image_convolution.cpp:101]   --->   Operation 76 'zext' 'zext_ln101' <Predicate = true> <Delay = 0.00>
ST_2 : Operation 77 [1/1] (0.00ns)   --->   "%tmp_5 = bitconcatenate i5 @_ssdm_op_BitConcatenate.i5.i3.i2, i3 %select_ln101_1, i2 0" [../lenet5/hw_layers/image_convolution.cpp:101]   --->   Operation 77 'bitconcatenate' 'tmp_5' <Predicate = true> <Delay = 0.00>
ST_2 : Operation 78 [1/1] (0.00ns)   --->   "%zext_ln102 = zext i5 %tmp_5" [../lenet5/hw_layers/image_convolution.cpp:102]   --->   Operation 78 'zext' 'zext_ln102' <Predicate = true> <Delay = 0.00>
ST_2 : Operation 79 [1/2] ( I:1.23ns O:1.23ns )   --->   "%OBRAM_load = load i10 %OBRAM_addr" [../lenet5/hw_layers/image_convolution.cpp:104]   --->   Operation 79 'load' 'OBRAM_load' <Predicate = true> <Delay = 1.23> <CoreInst = "RAM">   --->   Core 82 'RAM' <Latency = 1> <II = 1> <Delay = 1.23> <Storage> <Opcode : 'load' 'store'> <Ports = 2> <Width = 32> <Depth = 784> <RAM>
ST_2 : Operation 80 [1/2] ( I:1.23ns O:1.23ns )   --->   "%OBRAM_1_load = load i10 %OBRAM_1_addr" [../lenet5/hw_layers/image_convolution.cpp:104]   --->   Operation 80 'load' 'OBRAM_1_load' <Predicate = true> <Delay = 1.23> <CoreInst = "RAM">   --->   Core 82 'RAM' <Latency = 1> <II = 1> <Delay = 1.23> <Storage> <Opcode : 'load' 'store'> <Ports = 2> <Width = 32> <Depth = 784> <RAM>
ST_2 : Operation 81 [1/2] ( I:1.23ns O:1.23ns )   --->   "%OBRAM_2_load = load i10 %OBRAM_2_addr" [../lenet5/hw_layers/image_convolution.cpp:104]   --->   Operation 81 'load' 'OBRAM_2_load' <Predicate = true> <Delay = 1.23> <CoreInst = "RAM">   --->   Core 82 'RAM' <Latency = 1> <II = 1> <Delay = 1.23> <Storage> <Opcode : 'load' 'store'> <Ports = 2> <Width = 32> <Depth = 784> <RAM>
ST_2 : Operation 82 [1/2] ( I:1.23ns O:1.23ns )   --->   "%OBRAM_3_load = load i10 %OBRAM_3_addr" [../lenet5/hw_layers/image_convolution.cpp:104]   --->   Operation 82 'load' 'OBRAM_3_load' <Predicate = true> <Delay = 1.23> <CoreInst = "RAM">   --->   Core 82 'RAM' <Latency = 1> <II = 1> <Delay = 1.23> <Storage> <Opcode : 'load' 'store'> <Ports = 2> <Width = 32> <Depth = 784> <RAM>
ST_2 : Operation 83 [1/2] ( I:1.23ns O:1.23ns )   --->   "%OBRAM_4_load = load i10 %OBRAM_4_addr" [../lenet5/hw_layers/image_convolution.cpp:104]   --->   Operation 83 'load' 'OBRAM_4_load' <Predicate = true> <Delay = 1.23> <CoreInst = "RAM">   --->   Core 82 'RAM' <Latency = 1> <II = 1> <Delay = 1.23> <Storage> <Opcode : 'load' 'store'> <Ports = 2> <Width = 32> <Depth = 784> <RAM>
ST_2 : Operation 84 [1/2] ( I:1.23ns O:1.23ns )   --->   "%OBRAM_5_load = load i10 %OBRAM_5_addr" [../lenet5/hw_layers/image_convolution.cpp:104]   --->   Operation 84 'load' 'OBRAM_5_load' <Predicate = true> <Delay = 1.23> <CoreInst = "RAM">   --->   Core 82 'RAM' <Latency = 1> <II = 1> <Delay = 1.23> <Storage> <Opcode : 'load' 'store'> <Ports = 2> <Width = 32> <Depth = 784> <RAM>
ST_2 : Operation 85 [1/1] (0.62ns)   --->   "%tmp = sparsemux i32 @_ssdm_op_SparseMux.ap_auto.6float.float.i3, i3 0, i32 %OBRAM_load, i3 1, i32 %OBRAM_1_load, i3 2, i32 %OBRAM_2_load, i3 3, i32 %OBRAM_3_load, i3 4, i32 %OBRAM_4_load, i3 5, i32 %OBRAM_5_load, i32 <undef>, i3 %select_ln101_1" [../lenet5/hw_layers/image_convolution.cpp:104]   --->   Operation 85 'sparsemux' 'tmp' <Predicate = true> <Delay = 0.62> <CoreInst = "BinarySparseMux_DontCare">   --->   Core 149 'BinarySparseMux_DontCare' <Latency = 0> <II = 1> <Delay = 0.62> <FuncUnit> <Opcode : 'sparsemux'> <InPorts = 2> <OutPorts = 1>
ST_2 : Operation 86 [1/1] (0.78ns)   --->   "%add_ln104 = add i10 %select_ln101, i10 %zext_ln102" [../lenet5/hw_layers/image_convolution.cpp:104]   --->   Operation 86 'add' 'add_ln104' <Predicate = true> <Delay = 0.78> <CoreInst = "Adder">   --->   Core 1 'Adder' <Latency = 0> <II = 1> <Delay = 0.78> <FuncUnit> <Opcode : 'add' 'sub'> <InPorts = 2> <OutPorts = 1>
ST_2 : Operation 87 [3/3] (0.99ns) (grouped into DSP with root node add_ln104_1)   --->   "%mul_ln104 = mul i13 %zext_ln101, i13 780" [../lenet5/hw_layers/image_convolution.cpp:104]   --->   Operation 87 'mul' 'mul_ln104' <Predicate = true> <Delay = 0.99> <CoreInst = "DSP48">   --->   Core 124 'DSP48' <Latency = 3> <II = 1> <Delay = 0.53> <IPBlock> <Opcode : '' 'add' 'sub' 'mul' 'select'> <InPorts = 0> <OutPorts = 1> <Sync> <CReg>
ST_2 : Operation 88 [14/14] (1.17ns)   --->   "%urem_ln104 = urem i10 %add_ln104, i10 5" [../lenet5/hw_layers/image_convolution.cpp:104]   --->   Operation 88 'urem' 'urem_ln104' <Predicate = true> <Delay = 1.17> <CoreInst = "Divider">   --->   Core 6 'Divider' <Latency = 13> <II = 1> <Delay = 1.17> <FuncUnit> <Opcode : 'udiv' 'sdiv' 'urem' 'srem'> <InPorts = 2> <OutPorts = 1>
ST_2 : Operation 89 [1/1] (0.42ns)   --->   "%store_ln101 = store i3 %select_ln101_1, i3 %j" [../lenet5/hw_layers/image_convolution.cpp:101]   --->   Operation 89 'store' 'store_ln101' <Predicate = true> <Delay = 0.42>
ST_2 : Operation 90 [1/1] (0.00ns)   --->   "%br_ln102 = br void %for.inc186" [../lenet5/hw_layers/image_convolution.cpp:102]   --->   Operation 90 'br' 'br_ln102' <Predicate = true> <Delay = 0.00>

State 3 <SV = 2> <Delay = 6.43>
ST_3 : Operation 91 [4/4] (6.43ns)   --->   "%x_assign = fadd i32 %tmp, i32 <undef>" [../lenet5/hw_layers/image_convolution.cpp:104]   --->   Operation 91 'fadd' 'x_assign' <Predicate = true> <Delay = 6.43> <CoreInst = "FAddSub_fulldsp">   --->   Core 18 'FAddSub_fulldsp' <Latency = 3> <II = 1> <Delay = 6.43> <FuncUnit> <Opcode : 'fadd' 'fsub'> <InPorts = 2> <OutPorts = 1>
ST_3 : Operation 92 [2/3] (0.99ns) (grouped into DSP with root node add_ln104_1)   --->   "%mul_ln104 = mul i13 %zext_ln101, i13 780" [../lenet5/hw_layers/image_convolution.cpp:104]   --->   Operation 92 'mul' 'mul_ln104' <Predicate = true> <Delay = 0.99> <CoreInst = "DSP48">   --->   Core 124 'DSP48' <Latency = 3> <II = 1> <Delay = 0.53> <IPBlock> <Opcode : '' 'add' 'sub' 'mul' 'select'> <InPorts = 0> <OutPorts = 1> <Sync> <CReg>
ST_3 : Operation 93 [13/14] (1.17ns)   --->   "%urem_ln104 = urem i10 %add_ln104, i10 5" [../lenet5/hw_layers/image_convolution.cpp:104]   --->   Operation 93 'urem' 'urem_ln104' <Predicate = true> <Delay = 1.17> <CoreInst = "Divider">   --->   Core 6 'Divider' <Latency = 13> <II = 1> <Delay = 1.17> <FuncUnit> <Opcode : 'udiv' 'sdiv' 'urem' 'srem'> <InPorts = 2> <OutPorts = 1>

State 4 <SV = 3> <Delay = 6.43>
ST_4 : Operation 94 [3/4] (6.43ns)   --->   "%x_assign = fadd i32 %tmp, i32 <undef>" [../lenet5/hw_layers/image_convolution.cpp:104]   --->   Operation 94 'fadd' 'x_assign' <Predicate = true> <Delay = 6.43> <CoreInst = "FAddSub_fulldsp">   --->   Core 18 'FAddSub_fulldsp' <Latency = 3> <II = 1> <Delay = 6.43> <FuncUnit> <Opcode : 'fadd' 'fsub'> <InPorts = 2> <OutPorts = 1>
ST_4 : Operation 95 [1/1] (0.00ns)   --->   "%zext_ln104 = zext i10 %add_ln104" [../lenet5/hw_layers/image_convolution.cpp:104]   --->   Operation 95 'zext' 'zext_ln104' <Predicate = true> <Delay = 0.00>
ST_4 : Operation 96 [1/3] (0.00ns) (grouped into DSP with root node add_ln104_1)   --->   "%mul_ln104 = mul i13 %zext_ln101, i13 780" [../lenet5/hw_layers/image_convolution.cpp:104]   --->   Operation 96 'mul' 'mul_ln104' <Predicate = true> <Delay = 0.00> <CoreInst = "DSP48">   --->   Core 124 'DSP48' <Latency = 3> <II = 1> <Delay = 0.53> <IPBlock> <Opcode : '' 'add' 'sub' 'mul' 'select'> <InPorts = 0> <OutPorts = 1> <Sync> <CReg>
ST_4 : Operation 97 [2/2] (0.64ns) (root node of the DSP)   --->   "%add_ln104_1 = add i13 %zext_ln104, i13 %mul_ln104" [../lenet5/hw_layers/image_convolution.cpp:104]   --->   Operation 97 'add' 'add_ln104_1' <Predicate = true> <Delay = 0.64> <CoreInst = "DSP48">   --->   Core 124 'DSP48' <Latency = 3> <II = 1> <Delay = 0.53> <IPBlock> <Opcode : '' 'add' 'sub' 'mul' 'select'> <InPorts = 0> <OutPorts = 1> <Sync> <CReg>
ST_4 : Operation 98 [12/14] (1.17ns)   --->   "%urem_ln104 = urem i10 %add_ln104, i10 5" [../lenet5/hw_layers/image_convolution.cpp:104]   --->   Operation 98 'urem' 'urem_ln104' <Predicate = true> <Delay = 1.17> <CoreInst = "Divider">   --->   Core 6 'Divider' <Latency = 13> <II = 1> <Delay = 1.17> <FuncUnit> <Opcode : 'udiv' 'sdiv' 'urem' 'srem'> <InPorts = 2> <OutPorts = 1>

State 5 <SV = 4> <Delay = 6.43>
ST_5 : Operation 99 [2/4] (6.43ns)   --->   "%x_assign = fadd i32 %tmp, i32 <undef>" [../lenet5/hw_layers/image_convolution.cpp:104]   --->   Operation 99 'fadd' 'x_assign' <Predicate = true> <Delay = 6.43> <CoreInst = "FAddSub_fulldsp">   --->   Core 18 'FAddSub_fulldsp' <Latency = 3> <II = 1> <Delay = 6.43> <FuncUnit> <Opcode : 'fadd' 'fsub'> <InPorts = 2> <OutPorts = 1>
ST_5 : Operation 100 [1/2] (0.64ns) (root node of the DSP)   --->   "%add_ln104_1 = add i13 %zext_ln104, i13 %mul_ln104" [../lenet5/hw_layers/image_convolution.cpp:104]   --->   Operation 100 'add' 'add_ln104_1' <Predicate = true> <Delay = 0.64> <CoreInst = "DSP48">   --->   Core 124 'DSP48' <Latency = 3> <II = 1> <Delay = 0.53> <IPBlock> <Opcode : '' 'add' 'sub' 'mul' 'select'> <InPorts = 0> <OutPorts = 1> <Sync> <CReg>
ST_5 : Operation 101 [1/1] (0.00ns)   --->   "%zext_ln104_2 = zext i13 %add_ln104_1" [../lenet5/hw_layers/image_convolution.cpp:104]   --->   Operation 101 'zext' 'zext_ln104_2' <Predicate = true> <Delay = 0.00>
ST_5 : Operation 102 [1/1] (2.33ns)   --->   "%mul_ln104_1 = mul i27 %zext_ln104_2, i27 13108" [../lenet5/hw_layers/image_convolution.cpp:104]   --->   Operation 102 'mul' 'mul_ln104_1' <Predicate = true> <Delay = 2.33> <CoreInst = "Multiplier">   --->   Core 3 'Multiplier' <Latency = 0> <II = 1> <Delay = 2.33> <FuncUnit> <Opcode : 'mul'> <InPorts = 2> <OutPorts = 1>
ST_5 : Operation 103 [1/1] (0.00ns)   --->   "%tmp_1 = partselect i11 @_ssdm_op_PartSelect.i11.i27.i32.i32, i27 %mul_ln104_1, i32 16, i32 26" [../lenet5/hw_layers/image_convolution.cpp:104]   --->   Operation 103 'partselect' 'tmp_1' <Predicate = true> <Delay = 0.00>
ST_5 : Operation 104 [11/14] (1.17ns)   --->   "%urem_ln104 = urem i10 %add_ln104, i10 5" [../lenet5/hw_layers/image_convolution.cpp:104]   --->   Operation 104 'urem' 'urem_ln104' <Predicate = true> <Delay = 1.17> <CoreInst = "Divider">   --->   Core 6 'Divider' <Latency = 13> <II = 1> <Delay = 1.17> <FuncUnit> <Opcode : 'udiv' 'sdiv' 'urem' 'srem'> <InPorts = 2> <OutPorts = 1>

State 6 <SV = 5> <Delay = 6.43>
ST_6 : Operation 105 [1/4] (6.43ns)   --->   "%x_assign = fadd i32 %tmp, i32 <undef>" [../lenet5/hw_layers/image_convolution.cpp:104]   --->   Operation 105 'fadd' 'x_assign' <Predicate = true> <Delay = 6.43> <CoreInst = "FAddSub_fulldsp">   --->   Core 18 'FAddSub_fulldsp' <Latency = 3> <II = 1> <Delay = 6.43> <FuncUnit> <Opcode : 'fadd' 'fsub'> <InPorts = 2> <OutPorts = 1>
ST_6 : Operation 106 [10/14] (1.17ns)   --->   "%urem_ln104 = urem i10 %add_ln104, i10 5" [../lenet5/hw_layers/image_convolution.cpp:104]   --->   Operation 106 'urem' 'urem_ln104' <Predicate = true> <Delay = 1.17> <CoreInst = "Divider">   --->   Core 6 'Divider' <Latency = 13> <II = 1> <Delay = 1.17> <FuncUnit> <Opcode : 'udiv' 'sdiv' 'urem' 'srem'> <InPorts = 2> <OutPorts = 1>

State 7 <SV = 6> <Delay = 7.01>
ST_7 : Operation 107 [3/3] (7.01ns)   --->   "%mul_i = fmul i32 %x_assign, i32 2" [../lenet5/hw_layers/image_convolution.cpp:6->../lenet5/hw_layers/image_convolution.cpp:104]   --->   Operation 107 'fmul' 'mul_i' <Predicate = true> <Delay = 7.01> <CoreInst = "FMul_maxdsp">   --->   Core 30 'FMul_maxdsp' <Latency = 2> <II = 1> <Delay = 7.01> <FuncUnit> <Opcode : 'fmul'> <InPorts = 2> <OutPorts = 1>
ST_7 : Operation 108 [9/14] (1.17ns)   --->   "%urem_ln104 = urem i10 %add_ln104, i10 5" [../lenet5/hw_layers/image_convolution.cpp:104]   --->   Operation 108 'urem' 'urem_ln104' <Predicate = true> <Delay = 1.17> <CoreInst = "Divider">   --->   Core 6 'Divider' <Latency = 13> <II = 1> <Delay = 1.17> <FuncUnit> <Opcode : 'udiv' 'sdiv' 'urem' 'srem'> <InPorts = 2> <OutPorts = 1>

State 8 <SV = 7> <Delay = 7.01>
ST_8 : Operation 109 [2/3] (7.01ns)   --->   "%mul_i = fmul i32 %x_assign, i32 2" [../lenet5/hw_layers/image_convolution.cpp:6->../lenet5/hw_layers/image_convolution.cpp:104]   --->   Operation 109 'fmul' 'mul_i' <Predicate = true> <Delay = 7.01> <CoreInst = "FMul_maxdsp">   --->   Core 30 'FMul_maxdsp' <Latency = 2> <II = 1> <Delay = 7.01> <FuncUnit> <Opcode : 'fmul'> <InPorts = 2> <OutPorts = 1>
ST_8 : Operation 110 [8/14] (1.17ns)   --->   "%urem_ln104 = urem i10 %add_ln104, i10 5" [../lenet5/hw_layers/image_convolution.cpp:104]   --->   Operation 110 'urem' 'urem_ln104' <Predicate = true> <Delay = 1.17> <CoreInst = "Divider">   --->   Core 6 'Divider' <Latency = 13> <II = 1> <Delay = 1.17> <FuncUnit> <Opcode : 'udiv' 'sdiv' 'urem' 'srem'> <InPorts = 2> <OutPorts = 1>

State 9 <SV = 8> <Delay = 7.01>
ST_9 : Operation 111 [1/3] (7.01ns)   --->   "%mul_i = fmul i32 %x_assign, i32 2" [../lenet5/hw_layers/image_convolution.cpp:6->../lenet5/hw_layers/image_convolution.cpp:104]   --->   Operation 111 'fmul' 'mul_i' <Predicate = true> <Delay = 7.01> <CoreInst = "FMul_maxdsp">   --->   Core 30 'FMul_maxdsp' <Latency = 2> <II = 1> <Delay = 7.01> <FuncUnit> <Opcode : 'fmul'> <InPorts = 2> <OutPorts = 1>
ST_9 : Operation 112 [7/14] (1.17ns)   --->   "%urem_ln104 = urem i10 %add_ln104, i10 5" [../lenet5/hw_layers/image_convolution.cpp:104]   --->   Operation 112 'urem' 'urem_ln104' <Predicate = true> <Delay = 1.17> <CoreInst = "Divider">   --->   Core 6 'Divider' <Latency = 13> <II = 1> <Delay = 1.17> <FuncUnit> <Opcode : 'udiv' 'sdiv' 'urem' 'srem'> <InPorts = 2> <OutPorts = 1>

State 10 <SV = 9> <Delay = 4.91>
ST_10 : Operation 113 [8/8] (4.91ns)   --->   "%tmp_s = fexp i32 @llvm.exp.f32, i32 %mul_i" [../lenet5/hw_layers/image_convolution.cpp:6->../lenet5/hw_layers/image_convolution.cpp:104]   --->   Operation 113 'fexp' 'tmp_s' <Predicate = true> <Delay = 4.91> <CoreInst = "FExp_fulldsp">   --->   Core 23 'FExp_fulldsp' <Latency = 7> <II = 1> <Delay = 4.91> <FuncUnit> <Opcode : 'fexp'> <InPorts = 1> <OutPorts = 1>
ST_10 : Operation 114 [6/14] (1.17ns)   --->   "%urem_ln104 = urem i10 %add_ln104, i10 5" [../lenet5/hw_layers/image_convolution.cpp:104]   --->   Operation 114 'urem' 'urem_ln104' <Predicate = true> <Delay = 1.17> <CoreInst = "Divider">   --->   Core 6 'Divider' <Latency = 13> <II = 1> <Delay = 1.17> <FuncUnit> <Opcode : 'udiv' 'sdiv' 'urem' 'srem'> <InPorts = 2> <OutPorts = 1>

State 11 <SV = 10> <Delay = 4.91>
ST_11 : Operation 115 [7/8] (4.91ns)   --->   "%tmp_s = fexp i32 @llvm.exp.f32, i32 %mul_i" [../lenet5/hw_layers/image_convolution.cpp:6->../lenet5/hw_layers/image_convolution.cpp:104]   --->   Operation 115 'fexp' 'tmp_s' <Predicate = true> <Delay = 4.91> <CoreInst = "FExp_fulldsp">   --->   Core 23 'FExp_fulldsp' <Latency = 7> <II = 1> <Delay = 4.91> <FuncUnit> <Opcode : 'fexp'> <InPorts = 1> <OutPorts = 1>
ST_11 : Operation 116 [5/14] (1.17ns)   --->   "%urem_ln104 = urem i10 %add_ln104, i10 5" [../lenet5/hw_layers/image_convolution.cpp:104]   --->   Operation 116 'urem' 'urem_ln104' <Predicate = true> <Delay = 1.17> <CoreInst = "Divider">   --->   Core 6 'Divider' <Latency = 13> <II = 1> <Delay = 1.17> <FuncUnit> <Opcode : 'udiv' 'sdiv' 'urem' 'srem'> <InPorts = 2> <OutPorts = 1>

State 12 <SV = 11> <Delay = 4.91>
ST_12 : Operation 117 [6/8] (4.91ns)   --->   "%tmp_s = fexp i32 @llvm.exp.f32, i32 %mul_i" [../lenet5/hw_layers/image_convolution.cpp:6->../lenet5/hw_layers/image_convolution.cpp:104]   --->   Operation 117 'fexp' 'tmp_s' <Predicate = true> <Delay = 4.91> <CoreInst = "FExp_fulldsp">   --->   Core 23 'FExp_fulldsp' <Latency = 7> <II = 1> <Delay = 4.91> <FuncUnit> <Opcode : 'fexp'> <InPorts = 1> <OutPorts = 1>
ST_12 : Operation 118 [4/14] (1.17ns)   --->   "%urem_ln104 = urem i10 %add_ln104, i10 5" [../lenet5/hw_layers/image_convolution.cpp:104]   --->   Operation 118 'urem' 'urem_ln104' <Predicate = true> <Delay = 1.17> <CoreInst = "Divider">   --->   Core 6 'Divider' <Latency = 13> <II = 1> <Delay = 1.17> <FuncUnit> <Opcode : 'udiv' 'sdiv' 'urem' 'srem'> <InPorts = 2> <OutPorts = 1>

State 13 <SV = 12> <Delay = 4.91>
ST_13 : Operation 119 [5/8] (4.91ns)   --->   "%tmp_s = fexp i32 @llvm.exp.f32, i32 %mul_i" [../lenet5/hw_layers/image_convolution.cpp:6->../lenet5/hw_layers/image_convolution.cpp:104]   --->   Operation 119 'fexp' 'tmp_s' <Predicate = true> <Delay = 4.91> <CoreInst = "FExp_fulldsp">   --->   Core 23 'FExp_fulldsp' <Latency = 7> <II = 1> <Delay = 4.91> <FuncUnit> <Opcode : 'fexp'> <InPorts = 1> <OutPorts = 1>
ST_13 : Operation 120 [3/14] (1.17ns)   --->   "%urem_ln104 = urem i10 %add_ln104, i10 5" [../lenet5/hw_layers/image_convolution.cpp:104]   --->   Operation 120 'urem' 'urem_ln104' <Predicate = true> <Delay = 1.17> <CoreInst = "Divider">   --->   Core 6 'Divider' <Latency = 13> <II = 1> <Delay = 1.17> <FuncUnit> <Opcode : 'udiv' 'sdiv' 'urem' 'srem'> <InPorts = 2> <OutPorts = 1>

State 14 <SV = 13> <Delay = 4.91>
ST_14 : Operation 121 [4/8] (4.91ns)   --->   "%tmp_s = fexp i32 @llvm.exp.f32, i32 %mul_i" [../lenet5/hw_layers/image_convolution.cpp:6->../lenet5/hw_layers/image_convolution.cpp:104]   --->   Operation 121 'fexp' 'tmp_s' <Predicate = true> <Delay = 4.91> <CoreInst = "FExp_fulldsp">   --->   Core 23 'FExp_fulldsp' <Latency = 7> <II = 1> <Delay = 4.91> <FuncUnit> <Opcode : 'fexp'> <InPorts = 1> <OutPorts = 1>
ST_14 : Operation 122 [2/14] (1.17ns)   --->   "%urem_ln104 = urem i10 %add_ln104, i10 5" [../lenet5/hw_layers/image_convolution.cpp:104]   --->   Operation 122 'urem' 'urem_ln104' <Predicate = true> <Delay = 1.17> <CoreInst = "Divider">   --->   Core 6 'Divider' <Latency = 13> <II = 1> <Delay = 1.17> <FuncUnit> <Opcode : 'udiv' 'sdiv' 'urem' 'srem'> <InPorts = 2> <OutPorts = 1>

State 15 <SV = 14> <Delay = 4.91>
ST_15 : Operation 123 [3/8] (4.91ns)   --->   "%tmp_s = fexp i32 @llvm.exp.f32, i32 %mul_i" [../lenet5/hw_layers/image_convolution.cpp:6->../lenet5/hw_layers/image_convolution.cpp:104]   --->   Operation 123 'fexp' 'tmp_s' <Predicate = true> <Delay = 4.91> <CoreInst = "FExp_fulldsp">   --->   Core 23 'FExp_fulldsp' <Latency = 7> <II = 1> <Delay = 4.91> <FuncUnit> <Opcode : 'fexp'> <InPorts = 1> <OutPorts = 1>
ST_15 : Operation 124 [1/14] (1.17ns)   --->   "%urem_ln104 = urem i10 %add_ln104, i10 5" [../lenet5/hw_layers/image_convolution.cpp:104]   --->   Operation 124 'urem' 'urem_ln104' <Predicate = true> <Delay = 1.17> <CoreInst = "Divider">   --->   Core 6 'Divider' <Latency = 13> <II = 1> <Delay = 1.17> <FuncUnit> <Opcode : 'udiv' 'sdiv' 'urem' 'srem'> <InPorts = 2> <OutPorts = 1>
ST_15 : Operation 125 [1/1] (0.00ns)   --->   "%trunc_ln104 = trunc i3 %urem_ln104" [../lenet5/hw_layers/image_convolution.cpp:104]   --->   Operation 125 'trunc' 'trunc_ln104' <Predicate = true> <Delay = 0.00>
ST_15 : Operation 126 [1/1] (0.67ns)   --->   "%switch_ln104 = switch i3 %trunc_ln104, void %arrayidx1852.case.4, i3 0, void %arrayidx1852.case.0, i3 1, void %arrayidx1852.case.1, i3 2, void %arrayidx1852.case.2, i3 3, void %arrayidx1852.case.3" [../lenet5/hw_layers/image_convolution.cpp:104]   --->   Operation 126 'switch' 'switch_ln104' <Predicate = true> <Delay = 0.67>

State 16 <SV = 15> <Delay = 4.91>
ST_16 : Operation 127 [2/8] (4.91ns)   --->   "%tmp_s = fexp i32 @llvm.exp.f32, i32 %mul_i" [../lenet5/hw_layers/image_convolution.cpp:6->../lenet5/hw_layers/image_convolution.cpp:104]   --->   Operation 127 'fexp' 'tmp_s' <Predicate = true> <Delay = 4.91> <CoreInst = "FExp_fulldsp">   --->   Core 23 'FExp_fulldsp' <Latency = 7> <II = 1> <Delay = 4.91> <FuncUnit> <Opcode : 'fexp'> <InPorts = 1> <OutPorts = 1>

State 17 <SV = 16> <Delay = 4.91>
ST_17 : Operation 128 [1/8] (4.91ns)   --->   "%tmp_s = fexp i32 @llvm.exp.f32, i32 %mul_i" [../lenet5/hw_layers/image_convolution.cpp:6->../lenet5/hw_layers/image_convolution.cpp:104]   --->   Operation 128 'fexp' 'tmp_s' <Predicate = true> <Delay = 4.91> <CoreInst = "FExp_fulldsp">   --->   Core 23 'FExp_fulldsp' <Latency = 7> <II = 1> <Delay = 4.91> <FuncUnit> <Opcode : 'fexp'> <InPorts = 1> <OutPorts = 1>

State 18 <SV = 17> <Delay = 6.43>
ST_18 : Operation 129 [4/4] (6.43ns)   --->   "%exp2x = fadd i32 %tmp_s, i32 1" [../lenet5/hw_layers/image_convolution.cpp:6->../lenet5/hw_layers/image_convolution.cpp:104]   --->   Operation 129 'fadd' 'exp2x' <Predicate = true> <Delay = 6.43> <CoreInst = "FAddSub_fulldsp">   --->   Core 18 'FAddSub_fulldsp' <Latency = 3> <II = 1> <Delay = 6.43> <FuncUnit> <Opcode : 'fadd' 'fsub'> <InPorts = 2> <OutPorts = 1>

State 19 <SV = 18> <Delay = 6.43>
ST_19 : Operation 130 [3/4] (6.43ns)   --->   "%exp2x = fadd i32 %tmp_s, i32 1" [../lenet5/hw_layers/image_convolution.cpp:6->../lenet5/hw_layers/image_convolution.cpp:104]   --->   Operation 130 'fadd' 'exp2x' <Predicate = true> <Delay = 6.43> <CoreInst = "FAddSub_fulldsp">   --->   Core 18 'FAddSub_fulldsp' <Latency = 3> <II = 1> <Delay = 6.43> <FuncUnit> <Opcode : 'fadd' 'fsub'> <InPorts = 2> <OutPorts = 1>

State 20 <SV = 19> <Delay = 6.43>
ST_20 : Operation 131 [2/4] (6.43ns)   --->   "%exp2x = fadd i32 %tmp_s, i32 1" [../lenet5/hw_layers/image_convolution.cpp:6->../lenet5/hw_layers/image_convolution.cpp:104]   --->   Operation 131 'fadd' 'exp2x' <Predicate = true> <Delay = 6.43> <CoreInst = "FAddSub_fulldsp">   --->   Core 18 'FAddSub_fulldsp' <Latency = 3> <II = 1> <Delay = 6.43> <FuncUnit> <Opcode : 'fadd' 'fsub'> <InPorts = 2> <OutPorts = 1>

State 21 <SV = 20> <Delay = 6.43>
ST_21 : Operation 132 [1/4] (6.43ns)   --->   "%exp2x = fadd i32 %tmp_s, i32 1" [../lenet5/hw_layers/image_convolution.cpp:6->../lenet5/hw_layers/image_convolution.cpp:104]   --->   Operation 132 'fadd' 'exp2x' <Predicate = true> <Delay = 6.43> <CoreInst = "FAddSub_fulldsp">   --->   Core 18 'FAddSub_fulldsp' <Latency = 3> <II = 1> <Delay = 6.43> <FuncUnit> <Opcode : 'fadd' 'fsub'> <InPorts = 2> <OutPorts = 1>

State 22 <SV = 21> <Delay = 6.43>
ST_22 : Operation 133 [4/4] (6.43ns)   --->   "%sub_i = fadd i32 %exp2x, i32 -2" [../lenet5/hw_layers/image_convolution.cpp:7->../lenet5/hw_layers/image_convolution.cpp:104]   --->   Operation 133 'fadd' 'sub_i' <Predicate = true> <Delay = 6.43> <CoreInst = "FAddSub_fulldsp">   --->   Core 18 'FAddSub_fulldsp' <Latency = 3> <II = 1> <Delay = 6.43> <FuncUnit> <Opcode : 'fadd' 'fsub'> <InPorts = 2> <OutPorts = 1>

State 23 <SV = 22> <Delay = 6.43>
ST_23 : Operation 134 [3/4] (6.43ns)   --->   "%sub_i = fadd i32 %exp2x, i32 -2" [../lenet5/hw_layers/image_convolution.cpp:7->../lenet5/hw_layers/image_convolution.cpp:104]   --->   Operation 134 'fadd' 'sub_i' <Predicate = true> <Delay = 6.43> <CoreInst = "FAddSub_fulldsp">   --->   Core 18 'FAddSub_fulldsp' <Latency = 3> <II = 1> <Delay = 6.43> <FuncUnit> <Opcode : 'fadd' 'fsub'> <InPorts = 2> <OutPorts = 1>

State 24 <SV = 23> <Delay = 6.43>
ST_24 : Operation 135 [2/4] (6.43ns)   --->   "%sub_i = fadd i32 %exp2x, i32 -2" [../lenet5/hw_layers/image_convolution.cpp:7->../lenet5/hw_layers/image_convolution.cpp:104]   --->   Operation 135 'fadd' 'sub_i' <Predicate = true> <Delay = 6.43> <CoreInst = "FAddSub_fulldsp">   --->   Core 18 'FAddSub_fulldsp' <Latency = 3> <II = 1> <Delay = 6.43> <FuncUnit> <Opcode : 'fadd' 'fsub'> <InPorts = 2> <OutPorts = 1>

State 25 <SV = 24> <Delay = 6.43>
ST_25 : Operation 136 [1/4] (6.43ns)   --->   "%sub_i = fadd i32 %exp2x, i32 -2" [../lenet5/hw_layers/image_convolution.cpp:7->../lenet5/hw_layers/image_convolution.cpp:104]   --->   Operation 136 'fadd' 'sub_i' <Predicate = true> <Delay = 6.43> <CoreInst = "FAddSub_fulldsp">   --->   Core 18 'FAddSub_fulldsp' <Latency = 3> <II = 1> <Delay = 6.43> <FuncUnit> <Opcode : 'fadd' 'fsub'> <InPorts = 2> <OutPorts = 1>

State 26 <SV = 25> <Delay = 7.05>
ST_26 : Operation 137 [9/9] (7.05ns)   --->   "%div_i = fdiv i32 %sub_i, i32 %exp2x" [../lenet5/hw_layers/image_convolution.cpp:7->../lenet5/hw_layers/image_convolution.cpp:104]   --->   Operation 137 'fdiv' 'div_i' <Predicate = true> <Delay = 7.05> <CoreInst = "FDiv">   --->   Core 20 'FDiv' <Latency = 8> <II = 1> <Delay = 7.05> <FuncUnit> <Opcode : 'fdiv' 'frem'> <InPorts = 2> <OutPorts = 1>

State 27 <SV = 26> <Delay = 7.05>
ST_27 : Operation 138 [8/9] (7.05ns)   --->   "%div_i = fdiv i32 %sub_i, i32 %exp2x" [../lenet5/hw_layers/image_convolution.cpp:7->../lenet5/hw_layers/image_convolution.cpp:104]   --->   Operation 138 'fdiv' 'div_i' <Predicate = true> <Delay = 7.05> <CoreInst = "FDiv">   --->   Core 20 'FDiv' <Latency = 8> <II = 1> <Delay = 7.05> <FuncUnit> <Opcode : 'fdiv' 'frem'> <InPorts = 2> <OutPorts = 1>

State 28 <SV = 27> <Delay = 7.05>
ST_28 : Operation 139 [7/9] (7.05ns)   --->   "%div_i = fdiv i32 %sub_i, i32 %exp2x" [../lenet5/hw_layers/image_convolution.cpp:7->../lenet5/hw_layers/image_convolution.cpp:104]   --->   Operation 139 'fdiv' 'div_i' <Predicate = true> <Delay = 7.05> <CoreInst = "FDiv">   --->   Core 20 'FDiv' <Latency = 8> <II = 1> <Delay = 7.05> <FuncUnit> <Opcode : 'fdiv' 'frem'> <InPorts = 2> <OutPorts = 1>

State 29 <SV = 28> <Delay = 7.05>
ST_29 : Operation 140 [6/9] (7.05ns)   --->   "%div_i = fdiv i32 %sub_i, i32 %exp2x" [../lenet5/hw_layers/image_convolution.cpp:7->../lenet5/hw_layers/image_convolution.cpp:104]   --->   Operation 140 'fdiv' 'div_i' <Predicate = true> <Delay = 7.05> <CoreInst = "FDiv">   --->   Core 20 'FDiv' <Latency = 8> <II = 1> <Delay = 7.05> <FuncUnit> <Opcode : 'fdiv' 'frem'> <InPorts = 2> <OutPorts = 1>

State 30 <SV = 29> <Delay = 7.05>
ST_30 : Operation 141 [5/9] (7.05ns)   --->   "%div_i = fdiv i32 %sub_i, i32 %exp2x" [../lenet5/hw_layers/image_convolution.cpp:7->../lenet5/hw_layers/image_convolution.cpp:104]   --->   Operation 141 'fdiv' 'div_i' <Predicate = true> <Delay = 7.05> <CoreInst = "FDiv">   --->   Core 20 'FDiv' <Latency = 8> <II = 1> <Delay = 7.05> <FuncUnit> <Opcode : 'fdiv' 'frem'> <InPorts = 2> <OutPorts = 1>

State 31 <SV = 30> <Delay = 7.05>
ST_31 : Operation 142 [4/9] (7.05ns)   --->   "%div_i = fdiv i32 %sub_i, i32 %exp2x" [../lenet5/hw_layers/image_convolution.cpp:7->../lenet5/hw_layers/image_convolution.cpp:104]   --->   Operation 142 'fdiv' 'div_i' <Predicate = true> <Delay = 7.05> <CoreInst = "FDiv">   --->   Core 20 'FDiv' <Latency = 8> <II = 1> <Delay = 7.05> <FuncUnit> <Opcode : 'fdiv' 'frem'> <InPorts = 2> <OutPorts = 1>

State 32 <SV = 31> <Delay = 7.05>
ST_32 : Operation 143 [3/9] (7.05ns)   --->   "%div_i = fdiv i32 %sub_i, i32 %exp2x" [../lenet5/hw_layers/image_convolution.cpp:7->../lenet5/hw_layers/image_convolution.cpp:104]   --->   Operation 143 'fdiv' 'div_i' <Predicate = true> <Delay = 7.05> <CoreInst = "FDiv">   --->   Core 20 'FDiv' <Latency = 8> <II = 1> <Delay = 7.05> <FuncUnit> <Opcode : 'fdiv' 'frem'> <InPorts = 2> <OutPorts = 1>

State 33 <SV = 32> <Delay = 7.05>
ST_33 : Operation 144 [2/9] (7.05ns)   --->   "%div_i = fdiv i32 %sub_i, i32 %exp2x" [../lenet5/hw_layers/image_convolution.cpp:7->../lenet5/hw_layers/image_convolution.cpp:104]   --->   Operation 144 'fdiv' 'div_i' <Predicate = true> <Delay = 7.05> <CoreInst = "FDiv">   --->   Core 20 'FDiv' <Latency = 8> <II = 1> <Delay = 7.05> <FuncUnit> <Opcode : 'fdiv' 'frem'> <InPorts = 2> <OutPorts = 1>

State 34 <SV = 33> <Delay = 7.05>
ST_34 : Operation 145 [1/9] (7.05ns)   --->   "%div_i = fdiv i32 %sub_i, i32 %exp2x" [../lenet5/hw_layers/image_convolution.cpp:7->../lenet5/hw_layers/image_convolution.cpp:104]   --->   Operation 145 'fdiv' 'div_i' <Predicate = true> <Delay = 7.05> <CoreInst = "FDiv">   --->   Core 20 'FDiv' <Latency = 8> <II = 1> <Delay = 7.05> <FuncUnit> <Opcode : 'fdiv' 'frem'> <InPorts = 2> <OutPorts = 1>
ST_34 : Operation 165 [1/1] (0.42ns)   --->   "%ret_ln0 = ret"   --->   Operation 165 'ret' 'ret_ln0' <Predicate = (icmp_ln101)> <Delay = 0.42>

State 35 <SV = 34> <Delay = 1.23>
ST_35 : Operation 146 [1/1] (0.00ns)   --->   "%specloopname_ln0 = specloopname void @_ssdm_op_SpecLoopName, void @VITIS_LOOP_101_2_VITIS_LOOP_102_3_str"   --->   Operation 146 'specloopname' 'specloopname_ln0' <Predicate = true> <Delay = 0.00>
ST_35 : Operation 147 [1/1] (0.00ns)   --->   "%speclooptripcount_ln0 = speclooptripcount void @_ssdm_op_SpecLoopTripCount, i64 4704, i64 4704, i64 4704"   --->   Operation 147 'speclooptripcount' 'speclooptripcount_ln0' <Predicate = true> <Delay = 0.00>
ST_35 : Operation 148 [1/1] (0.00ns)   --->   "%specpipeline_ln103 = specpipeline void @_ssdm_op_SpecPipeline, i32 1, i32 0, i32 0, i32 0, void @empty_0" [../lenet5/hw_layers/image_convolution.cpp:103]   --->   Operation 148 'specpipeline' 'specpipeline_ln103' <Predicate = true> <Delay = 0.00>
ST_35 : Operation 149 [1/1] (0.00ns)   --->   "%zext_ln104_1 = zext i11 %tmp_1" [../lenet5/hw_layers/image_convolution.cpp:104]   --->   Operation 149 'zext' 'zext_ln104_1' <Predicate = true> <Delay = 0.00>
ST_35 : Operation 150 [1/1] (0.00ns)   --->   "%hconv1_local_local_addr = getelementptr i32 %hconv1_local_local, i64 0, i64 %zext_ln104_1" [../lenet5/hw_layers/image_convolution.cpp:104]   --->   Operation 150 'getelementptr' 'hconv1_local_local_addr' <Predicate = true> <Delay = 0.00>
ST_35 : Operation 151 [1/1] (0.00ns)   --->   "%hconv1_1_local_local_addr = getelementptr i32 %hconv1_1_local_local, i64 0, i64 %zext_ln104_1" [../lenet5/hw_layers/image_convolution.cpp:104]   --->   Operation 151 'getelementptr' 'hconv1_1_local_local_addr' <Predicate = true> <Delay = 0.00>
ST_35 : Operation 152 [1/1] (0.00ns)   --->   "%hconv1_2_local_local_addr = getelementptr i32 %hconv1_2_local_local, i64 0, i64 %zext_ln104_1" [../lenet5/hw_layers/image_convolution.cpp:104]   --->   Operation 152 'getelementptr' 'hconv1_2_local_local_addr' <Predicate = true> <Delay = 0.00>
ST_35 : Operation 153 [1/1] (0.00ns)   --->   "%hconv1_3_local_local_addr = getelementptr i32 %hconv1_3_local_local, i64 0, i64 %zext_ln104_1" [../lenet5/hw_layers/image_convolution.cpp:104]   --->   Operation 153 'getelementptr' 'hconv1_3_local_local_addr' <Predicate = true> <Delay = 0.00>
ST_35 : Operation 154 [1/1] (0.00ns)   --->   "%hconv1_4_local_local_addr = getelementptr i32 %hconv1_4_local_local, i64 0, i64 %zext_ln104_1" [../lenet5/hw_layers/image_convolution.cpp:104]   --->   Operation 154 'getelementptr' 'hconv1_4_local_local_addr' <Predicate = true> <Delay = 0.00>
ST_35 : Operation 155 [1/1] ( I:1.23ns O:1.23ns )   --->   "%store_ln104 = store i32 %div_i, i10 %hconv1_3_local_local_addr" [../lenet5/hw_layers/image_convolution.cpp:104]   --->   Operation 155 'store' 'store_ln104' <Predicate = (trunc_ln104 == 3)> <Delay = 1.23> <CoreInst = "RAM">   --->   Core 82 'RAM' <Latency = 1> <II = 1> <Delay = 1.23> <Storage> <Opcode : 'load' 'store'> <Ports = 2> <Width = 32> <Depth = 941> <RAM>
ST_35 : Operation 156 [1/1] (0.00ns)   --->   "%br_ln104 = br void %arrayidx1852.exit" [../lenet5/hw_layers/image_convolution.cpp:104]   --->   Operation 156 'br' 'br_ln104' <Predicate = (trunc_ln104 == 3)> <Delay = 0.00>
ST_35 : Operation 157 [1/1] ( I:1.23ns O:1.23ns )   --->   "%store_ln104 = store i32 %div_i, i10 %hconv1_2_local_local_addr" [../lenet5/hw_layers/image_convolution.cpp:104]   --->   Operation 157 'store' 'store_ln104' <Predicate = (trunc_ln104 == 2)> <Delay = 1.23> <CoreInst = "RAM">   --->   Core 82 'RAM' <Latency = 1> <II = 1> <Delay = 1.23> <Storage> <Opcode : 'load' 'store'> <Ports = 2> <Width = 32> <Depth = 941> <RAM>
ST_35 : Operation 158 [1/1] (0.00ns)   --->   "%br_ln104 = br void %arrayidx1852.exit" [../lenet5/hw_layers/image_convolution.cpp:104]   --->   Operation 158 'br' 'br_ln104' <Predicate = (trunc_ln104 == 2)> <Delay = 0.00>
ST_35 : Operation 159 [1/1] ( I:1.23ns O:1.23ns )   --->   "%store_ln104 = store i32 %div_i, i10 %hconv1_1_local_local_addr" [../lenet5/hw_layers/image_convolution.cpp:104]   --->   Operation 159 'store' 'store_ln104' <Predicate = (trunc_ln104 == 1)> <Delay = 1.23> <CoreInst = "RAM">   --->   Core 82 'RAM' <Latency = 1> <II = 1> <Delay = 1.23> <Storage> <Opcode : 'load' 'store'> <Ports = 2> <Width = 32> <Depth = 941> <RAM>
ST_35 : Operation 160 [1/1] (0.00ns)   --->   "%br_ln104 = br void %arrayidx1852.exit" [../lenet5/hw_layers/image_convolution.cpp:104]   --->   Operation 160 'br' 'br_ln104' <Predicate = (trunc_ln104 == 1)> <Delay = 0.00>
ST_35 : Operation 161 [1/1] ( I:1.23ns O:1.23ns )   --->   "%store_ln104 = store i32 %div_i, i10 %hconv1_local_local_addr" [../lenet5/hw_layers/image_convolution.cpp:104]   --->   Operation 161 'store' 'store_ln104' <Predicate = (trunc_ln104 == 0)> <Delay = 1.23> <CoreInst = "RAM">   --->   Core 82 'RAM' <Latency = 1> <II = 1> <Delay = 1.23> <Storage> <Opcode : 'load' 'store'> <Ports = 2> <Width = 32> <Depth = 941> <RAM>
ST_35 : Operation 162 [1/1] (0.00ns)   --->   "%br_ln104 = br void %arrayidx1852.exit" [../lenet5/hw_layers/image_convolution.cpp:104]   --->   Operation 162 'br' 'br_ln104' <Predicate = (trunc_ln104 == 0)> <Delay = 0.00>
ST_35 : Operation 163 [1/1] ( I:1.23ns O:1.23ns )   --->   "%store_ln104 = store i32 %div_i, i10 %hconv1_4_local_local_addr" [../lenet5/hw_layers/image_convolution.cpp:104]   --->   Operation 163 'store' 'store_ln104' <Predicate = (trunc_ln104 != 0 & trunc_ln104 != 1 & trunc_ln104 != 2 & trunc_ln104 != 3)> <Delay = 1.23> <CoreInst = "RAM">   --->   Core 82 'RAM' <Latency = 1> <II = 1> <Delay = 1.23> <Storage> <Opcode : 'load' 'store'> <Ports = 2> <Width = 32> <Depth = 941> <RAM>
ST_35 : Operation 164 [1/1] (0.00ns)   --->   "%br_ln104 = br void %arrayidx1852.exit" [../lenet5/hw_layers/image_convolution.cpp:104]   --->   Operation 164 'br' 'br_ln104' <Predicate = (trunc_ln104 != 0 & trunc_ln104 != 1 & trunc_ln104 != 2 & trunc_ln104 != 3)> <Delay = 0.00>


============================================================
+ Verbose Summary: Timing violations
============================================================
Target clock period: 10.000ns, clock uncertainty: 2.700ns.

 <State 1>: 2.854ns
The critical path consists of the following:
	'store' operation 0 bit ('store_ln102', ../lenet5/hw_layers/image_convolution.cpp:102) of constant 0 on local variable 'k', ../lenet5/hw_layers/image_convolution.cpp:102 [17]  (0.427 ns)
	'load' operation 10 bit ('k_load', ../lenet5/hw_layers/image_convolution.cpp:102) on local variable 'k', ../lenet5/hw_layers/image_convolution.cpp:102 [25]  (0.000 ns)
	'icmp' operation 1 bit ('icmp_ln102', ../lenet5/hw_layers/image_convolution.cpp:102) [30]  (0.787 ns)
	'select' operation 10 bit ('select_ln101', ../lenet5/hw_layers/image_convolution.cpp:101) [31]  (0.403 ns)
	'getelementptr' operation 10 bit ('OBRAM_addr', ../lenet5/hw_layers/image_convolution.cpp:104) [38]  (0.000 ns)
	'load' operation 32 bit ('OBRAM_load', ../lenet5/hw_layers/image_convolution.cpp:104) on array 'OBRAM' [44]  (1.237 ns)

 <State 2>: 2.841ns
The critical path consists of the following:
	'load' operation 3 bit ('j_load', ../lenet5/hw_layers/image_convolution.cpp:101) on local variable 'j', ../lenet5/hw_layers/image_convolution.cpp:101 [26]  (0.000 ns)
	'add' operation 3 bit ('add_ln101', ../lenet5/hw_layers/image_convolution.cpp:101) [27]  (0.673 ns)
	'select' operation 3 bit ('select_ln101_1', ../lenet5/hw_layers/image_convolution.cpp:101) [32]  (0.208 ns)
	'add' operation 10 bit ('add_ln104', ../lenet5/hw_layers/image_convolution.cpp:104) [57]  (0.787 ns)
	'urem' operation 3 bit ('urem_ln104', ../lenet5/hw_layers/image_convolution.cpp:104) [65]  (1.173 ns)

 <State 3>: 6.437ns
The critical path consists of the following:
	'fadd' operation 32 bit ('x', ../lenet5/hw_layers/image_convolution.cpp:104) [51]  (6.437 ns)

 <State 4>: 6.437ns
The critical path consists of the following:
	'fadd' operation 32 bit ('x', ../lenet5/hw_layers/image_convolution.cpp:104) [51]  (6.437 ns)

 <State 5>: 6.437ns
The critical path consists of the following:
	'fadd' operation 32 bit ('x', ../lenet5/hw_layers/image_convolution.cpp:104) [51]  (6.437 ns)

 <State 6>: 6.437ns
The critical path consists of the following:
	'fadd' operation 32 bit ('x', ../lenet5/hw_layers/image_convolution.cpp:104) [51]  (6.437 ns)

 <State 7>: 7.016ns
The critical path consists of the following:
	'fmul' operation 32 bit ('mul_i', ../lenet5/hw_layers/image_convolution.cpp:6->../lenet5/hw_layers/image_convolution.cpp:104) [52]  (7.016 ns)

 <State 8>: 7.016ns
The critical path consists of the following:
	'fmul' operation 32 bit ('mul_i', ../lenet5/hw_layers/image_convolution.cpp:6->../lenet5/hw_layers/image_convolution.cpp:104) [52]  (7.016 ns)

 <State 9>: 7.016ns
The critical path consists of the following:
	'fmul' operation 32 bit ('mul_i', ../lenet5/hw_layers/image_convolution.cpp:6->../lenet5/hw_layers/image_convolution.cpp:104) [52]  (7.016 ns)

 <State 10>: 4.914ns
The critical path consists of the following:
	'fexp' operation 32 bit ('tmp_s', ../lenet5/hw_layers/image_convolution.cpp:6->../lenet5/hw_layers/image_convolution.cpp:104) [53]  (4.914 ns)

 <State 11>: 4.914ns
The critical path consists of the following:
	'fexp' operation 32 bit ('tmp_s', ../lenet5/hw_layers/image_convolution.cpp:6->../lenet5/hw_layers/image_convolution.cpp:104) [53]  (4.914 ns)

 <State 12>: 4.914ns
The critical path consists of the following:
	'fexp' operation 32 bit ('tmp_s', ../lenet5/hw_layers/image_convolution.cpp:6->../lenet5/hw_layers/image_convolution.cpp:104) [53]  (4.914 ns)

 <State 13>: 4.914ns
The critical path consists of the following:
	'fexp' operation 32 bit ('tmp_s', ../lenet5/hw_layers/image_convolution.cpp:6->../lenet5/hw_layers/image_convolution.cpp:104) [53]  (4.914 ns)

 <State 14>: 4.914ns
The critical path consists of the following:
	'fexp' operation 32 bit ('tmp_s', ../lenet5/hw_layers/image_convolution.cpp:6->../lenet5/hw_layers/image_convolution.cpp:104) [53]  (4.914 ns)

 <State 15>: 4.914ns
The critical path consists of the following:
	'fexp' operation 32 bit ('tmp_s', ../lenet5/hw_layers/image_convolution.cpp:6->../lenet5/hw_layers/image_convolution.cpp:104) [53]  (4.914 ns)

 <State 16>: 4.914ns
The critical path consists of the following:
	'fexp' operation 32 bit ('tmp_s', ../lenet5/hw_layers/image_convolution.cpp:6->../lenet5/hw_layers/image_convolution.cpp:104) [53]  (4.914 ns)

 <State 17>: 4.914ns
The critical path consists of the following:
	'fexp' operation 32 bit ('tmp_s', ../lenet5/hw_layers/image_convolution.cpp:6->../lenet5/hw_layers/image_convolution.cpp:104) [53]  (4.914 ns)

 <State 18>: 6.437ns
The critical path consists of the following:
	'fadd' operation 32 bit ('exp2x', ../lenet5/hw_layers/image_convolution.cpp:6->../lenet5/hw_layers/image_convolution.cpp:104) [54]  (6.437 ns)

 <State 19>: 6.437ns
The critical path consists of the following:
	'fadd' operation 32 bit ('exp2x', ../lenet5/hw_layers/image_convolution.cpp:6->../lenet5/hw_layers/image_convolution.cpp:104) [54]  (6.437 ns)

 <State 20>: 6.437ns
The critical path consists of the following:
	'fadd' operation 32 bit ('exp2x', ../lenet5/hw_layers/image_convolution.cpp:6->../lenet5/hw_layers/image_convolution.cpp:104) [54]  (6.437 ns)

 <State 21>: 6.437ns
The critical path consists of the following:
	'fadd' operation 32 bit ('exp2x', ../lenet5/hw_layers/image_convolution.cpp:6->../lenet5/hw_layers/image_convolution.cpp:104) [54]  (6.437 ns)

 <State 22>: 6.437ns
The critical path consists of the following:
	'fadd' operation 32 bit ('sub_i', ../lenet5/hw_layers/image_convolution.cpp:7->../lenet5/hw_layers/image_convolution.cpp:104) [55]  (6.437 ns)

 <State 23>: 6.437ns
The critical path consists of the following:
	'fadd' operation 32 bit ('sub_i', ../lenet5/hw_layers/image_convolution.cpp:7->../lenet5/hw_layers/image_convolution.cpp:104) [55]  (6.437 ns)

 <State 24>: 6.437ns
The critical path consists of the following:
	'fadd' operation 32 bit ('sub_i', ../lenet5/hw_layers/image_convolution.cpp:7->../lenet5/hw_layers/image_convolution.cpp:104) [55]  (6.437 ns)

 <State 25>: 6.437ns
The critical path consists of the following:
	'fadd' operation 32 bit ('sub_i', ../lenet5/hw_layers/image_convolution.cpp:7->../lenet5/hw_layers/image_convolution.cpp:104) [55]  (6.437 ns)

 <State 26>: 7.057ns
The critical path consists of the following:
	'fdiv' operation 32 bit ('div_i', ../lenet5/hw_layers/image_convolution.cpp:7->../lenet5/hw_layers/image_convolution.cpp:104) [56]  (7.057 ns)

 <State 27>: 7.057ns
The critical path consists of the following:
	'fdiv' operation 32 bit ('div_i', ../lenet5/hw_layers/image_convolution.cpp:7->../lenet5/hw_layers/image_convolution.cpp:104) [56]  (7.057 ns)

 <State 28>: 7.057ns
The critical path consists of the following:
	'fdiv' operation 32 bit ('div_i', ../lenet5/hw_layers/image_convolution.cpp:7->../lenet5/hw_layers/image_convolution.cpp:104) [56]  (7.057 ns)

 <State 29>: 7.057ns
The critical path consists of the following:
	'fdiv' operation 32 bit ('div_i', ../lenet5/hw_layers/image_convolution.cpp:7->../lenet5/hw_layers/image_convolution.cpp:104) [56]  (7.057 ns)

 <State 30>: 7.057ns
The critical path consists of the following:
	'fdiv' operation 32 bit ('div_i', ../lenet5/hw_layers/image_convolution.cpp:7->../lenet5/hw_layers/image_convolution.cpp:104) [56]  (7.057 ns)

 <State 31>: 7.057ns
The critical path consists of the following:
	'fdiv' operation 32 bit ('div_i', ../lenet5/hw_layers/image_convolution.cpp:7->../lenet5/hw_layers/image_convolution.cpp:104) [56]  (7.057 ns)

 <State 32>: 7.057ns
The critical path consists of the following:
	'fdiv' operation 32 bit ('div_i', ../lenet5/hw_layers/image_convolution.cpp:7->../lenet5/hw_layers/image_convolution.cpp:104) [56]  (7.057 ns)

 <State 33>: 7.057ns
The critical path consists of the following:
	'fdiv' operation 32 bit ('div_i', ../lenet5/hw_layers/image_convolution.cpp:7->../lenet5/hw_layers/image_convolution.cpp:104) [56]  (7.057 ns)

 <State 34>: 7.057ns
The critical path consists of the following:
	'fdiv' operation 32 bit ('div_i', ../lenet5/hw_layers/image_convolution.cpp:7->../lenet5/hw_layers/image_convolution.cpp:104) [56]  (7.057 ns)

 <State 35>: 1.237ns
The critical path consists of the following:
	'getelementptr' operation 10 bit ('hconv1_3_local_local_addr', ../lenet5/hw_layers/image_convolution.cpp:104) [70]  (0.000 ns)
	'store' operation 0 bit ('store_ln104', ../lenet5/hw_layers/image_convolution.cpp:104) of variable 'div_i', ../lenet5/hw_layers/image_convolution.cpp:7->../lenet5/hw_layers/image_convolution.cpp:104 on array 'hconv1_3_local_local' [74]  (1.237 ns)


============================================================
+ Verbose Summary: Binding
============================================================
N/A
* FSMD analyzer results:
  - Output states:
 - Input state : 
  - Chain level:
	State 1
	State 2
	State 3
	State 4
	State 5
	State 6
	State 7
	State 8
	State 9
	State 10
	State 11
	State 12
	State 13
	State 14
	State 15
	State 16
	State 17
	State 18
	State 19
	State 20
	State 21
	State 22
	State 23
	State 24
	State 25
	State 26
	State 27
	State 28
	State 29
	State 30
	State 31
	State 32
	State 33
	State 34
	State 35


============================================================
+ Verbose Summary: Datapath Resource usage 
============================================================
N/A
