In file included from ../lenet5/hw_layers/image_convolution.cpp:1:
../lenet5/hw_layers/image_convolution.h:10:9: warning: unknown pragma ignored [-Winvalid-hls-pragmas]
#pragma SDS data mem_attribute(input_feature:PHYSICAL_CONTIGUOUS,weights:PHYSICAL_CONTIGUOUS,bias:PHYSICAL_CONTIGUOUS,output_feature:PHYSICAL_CONTIGUOUS)
        ^
../lenet5/hw_layers/image_convolution.h:11:9: warning: unknown pragma ignored [-Winvalid-hls-pragmas]
#pragma SDS data access_pattern(input_feature:SEQUENTIAL,weights:SEQUENTIAL,bias:SEQUENTIAL,output_feature:SEQUENTIAL)
        ^
../lenet5/hw_layers/image_convolution.h:12:9: warning: unknown pragma ignored [-Winvalid-hls-pragmas]
#pragma SDS data zero_copy(input_feature,weights,bias,output_feature)
        ^
../lenet5/hw_layers/image_convolution.h:18:9: warning: unknown pragma ignored [-Winvalid-hls-pragmas]
#pragma SDS data mem_attribute(input_feature:PHYSICAL_CONTIGUOUS,weights:PHYSICAL_CONTIGUOUS,bias:PHYSICAL_CONTIGUOUS,output_feature:PHYSICAL_CONTIGUOUS)
        ^
../lenet5/hw_layers/image_convolution.h:19:9: warning: unknown pragma ignored [-Winvalid-hls-pragmas]
#pragma SDS data access_pattern(input_feature:SEQUENTIAL,weights:SEQUENTIAL,bias:SEQUENTIAL,output_feature:SEQUENTIAL)
        ^
../lenet5/hw_layers/image_convolution.h:20:9: warning: unknown pragma ignored [-Winvalid-hls-pragmas]
#pragma SDS data zero_copy(input_feature,weights,bias,output_feature)
        ^
../lenet5/hw_layers/image_convolution.h:27:9: warning: unknown pragma ignored [-Winvalid-hls-pragmas]
#pragma SDS data mem_attribute(input_feature:PHYSICAL_CONTIGUOUS,weights:PHYSICAL_CONTIGUOUS,bias:PHYSICAL_CONTIGUOUS,output_feature:PHYSICAL_CONTIGUOUS)
        ^
../lenet5/hw_layers/image_convolution.h:28:9: warning: unknown pragma ignored [-Winvalid-hls-pragmas]
#pragma SDS data access_pattern(input_feature:SEQUENTIAL,weights:SEQUENTIAL,bias:SEQUENTIAL,output_feature:SEQUENTIAL)
        ^
../lenet5/hw_layers/image_convolution.h:29:9: warning: unknown pragma ignored [-Winvalid-hls-pragmas]
#pragma SDS data zero_copy(input_feature,weights,bias,output_feature)
        ^
../lenet5/hw_layers/image_convolution.cpp:29:9: warning: HLS pragma dump _XLX_SEP_ PragmaIsValid=1_XLX_SEP_ PragmaType=array_partition_XLX_SEP_ PragmaContext=_XLX_SEP_ PragmaFunction=CONVOLUTION_LAYER_1_XLX_SEP_ PragmaOptions=variable=WBRAM complete dim=1_XLX_SEP_ [-Wdump-hls-pragmas]
#pragma HLS array_partition variable=WBRAM complete dim=1
        ^
../lenet5/hw_layers/image_convolution.cpp:30:9: warning: HLS pragma dump _XLX_SEP_ PragmaIsValid=1_XLX_SEP_ PragmaType=array_partition_XLX_SEP_ PragmaContext=_XLX_SEP_ PragmaFunction=CONVOLUTION_LAYER_1_XLX_SEP_ PragmaOptions=variable=biasBRAM complete dim=0_XLX_SEP_ [-Wdump-hls-pragmas]
#pragma HLS array_partition variable=biasBRAM complete dim=0
        ^
../lenet5/hw_layers/image_convolution.cpp:31:9: warning: HLS pragma dump _XLX_SEP_ PragmaIsValid=1_XLX_SEP_ PragmaType=array_partition_XLX_SEP_ PragmaContext=_XLX_SEP_ PragmaFunction=CONVOLUTION_LAYER_1_XLX_SEP_ PragmaOptions=variable=OBRAM complete dim=2_XLX_SEP_ [-Wdump-hls-pragmas]
#pragma HLS array_partition variable=OBRAM complete dim=2
        ^
../lenet5/hw_layers/image_convolution.cpp:39:9: warning: HLS pragma dump _XLX_SEP_ PragmaIsValid=1_XLX_SEP_ PragmaType=pipeline_XLX_SEP_ PragmaContext=_XLX_SEP_ PragmaFunction=CONVOLUTION_LAYER_1_XLX_SEP_ PragmaOptions=II=1_XLX_SEP_ [-Wdump-hls-pragmas]
#pragma HLS PIPELINE II=1
        ^
../lenet5/hw_layers/image_convolution.cpp:52:9: warning: HLS pragma dump _XLX_SEP_ PragmaIsValid=1_XLX_SEP_ PragmaType=pipeline_XLX_SEP_ PragmaContext=_XLX_SEP_ PragmaFunction=CONVOLUTION_LAYER_1_XLX_SEP_ PragmaOptions=II=1_XLX_SEP_ [-Wdump-hls-pragmas]
#pragma HLS PIPELINE II=1
        ^
../lenet5/hw_layers/image_convolution.cpp:61:9: warning: HLS pragma dump _XLX_SEP_ PragmaIsValid=1_XLX_SEP_ PragmaType=pipeline_XLX_SEP_ PragmaContext=_XLX_SEP_ PragmaFunction=CONVOLUTION_LAYER_1_XLX_SEP_ PragmaOptions=II=1_XLX_SEP_ [-Wdump-hls-pragmas]
#pragma HLS PIPELINE II=1
        ^
../lenet5/hw_layers/image_convolution.cpp:80:9: warning: HLS pragma dump _XLX_SEP_ PragmaIsValid=1_XLX_SEP_ PragmaType=pipeline_XLX_SEP_ PragmaContext=_XLX_SEP_ PragmaFunction=CONVOLUTION_LAYER_1_XLX_SEP_ PragmaOptions=II=1_XLX_SEP_ [-Wdump-hls-pragmas]
#pragma HLS PIPELINE II=1
        ^
../lenet5/hw_layers/image_convolution.cpp:83:9: warning: HLS pragma dump _XLX_SEP_ PragmaIsValid=1_XLX_SEP_ PragmaType=array_partition_XLX_SEP_ PragmaContext=_XLX_SEP_ PragmaFunction=CONVOLUTION_LAYER_1_XLX_SEP_ PragmaOptions=variable=mult complete dim=0_XLX_SEP_ [-Wdump-hls-pragmas]
#pragma HLS array_partition variable=mult complete dim=0
        ^
../lenet5/hw_layers/image_convolution.cpp:86:9: warning: HLS pragma dump _XLX_SEP_ PragmaIsValid=1_XLX_SEP_ PragmaType=unroll_XLX_SEP_ PragmaContext=_XLX_SEP_ PragmaFunction=CONVOLUTION_LAYER_1_XLX_SEP_ PragmaOptions=_XLX_SEP_ [-Wdump-hls-pragmas]
#pragma HLS unroll
        ^
../lenet5/hw_layers/image_convolution.cpp:103:9: warning: HLS pragma dump _XLX_SEP_ PragmaIsValid=1_XLX_SEP_ PragmaType=pipeline_XLX_SEP_ PragmaContext=_XLX_SEP_ PragmaFunction=CONVOLUTION_LAYER_1_XLX_SEP_ PragmaOptions=II=1_XLX_SEP_ [-Wdump-hls-pragmas]
#pragma HLS PIPELINE II=1
        ^
../lenet5/hw_layers/image_convolution.cpp:126:9: warning: HLS pragma dump _XLX_SEP_ PragmaIsValid=1_XLX_SEP_ PragmaType=array_partition_XLX_SEP_ PragmaContext=_XLX_SEP_ PragmaFunction=CONVOLUTION_LAYER_2_XLX_SEP_ PragmaOptions=variable=IBRAM complete dim=2_XLX_SEP_ [-Wdump-hls-pragmas]
#pragma HLS array_partition variable=IBRAM complete dim=2
        ^
../lenet5/hw_layers/image_convolution.cpp:127:9: warning: HLS pragma dump _XLX_SEP_ PragmaIsValid=1_XLX_SEP_ PragmaType=array_partition_XLX_SEP_ PragmaContext=_XLX_SEP_ PragmaFunction=CONVOLUTION_LAYER_2_XLX_SEP_ PragmaOptions=variable=WBRAM complete dim=2_XLX_SEP_ [-Wdump-hls-pragmas]
#pragma HLS array_partition variable=WBRAM complete dim=2
        ^
../lenet5/hw_layers/image_convolution.cpp:128:9: warning: HLS pragma dump _XLX_SEP_ PragmaIsValid=1_XLX_SEP_ PragmaType=array_partition_XLX_SEP_ PragmaContext=_XLX_SEP_ PragmaFunction=CONVOLUTION_LAYER_2_XLX_SEP_ PragmaOptions=variable=WBRAM cyclic factor=C2_N_PE dim=1_XLX_SEP_ [-Wdump-hls-pragmas]
#pragma HLS array_partition variable=WBRAM cyclic factor=C2_N_PE dim=1
        ^
../lenet5/hw_layers/image_convolution.cpp:129:9: warning: HLS pragma dump _XLX_SEP_ PragmaIsValid=1_XLX_SEP_ PragmaType=array_partition_XLX_SEP_ PragmaContext=_XLX_SEP_ PragmaFunction=CONVOLUTION_LAYER_2_XLX_SEP_ PragmaOptions=variable=biasBRAM complete dim=0_XLX_SEP_ [-Wdump-hls-pragmas]
#pragma HLS array_partition variable=biasBRAM complete dim=0
        ^
../lenet5/hw_layers/image_convolution.cpp:130:9: warning: HLS pragma dump _XLX_SEP_ PragmaIsValid=1_XLX_SEP_ PragmaType=array_partition_XLX_SEP_ PragmaContext=_XLX_SEP_ PragmaFunction=CONVOLUTION_LAYER_2_XLX_SEP_ PragmaOptions=variable=OBRAM cyclic factor=C2_N_PE dim=2_XLX_SEP_ [-Wdump-hls-pragmas]
#pragma HLS array_partition variable=OBRAM cyclic factor=C2_N_PE dim=2
        ^
../lenet5/hw_layers/image_convolution.cpp:143:9: warning: HLS pragma dump _XLX_SEP_ PragmaIsValid=1_XLX_SEP_ PragmaType=pipeline_XLX_SEP_ PragmaContext=_XLX_SEP_ PragmaFunction=CONVOLUTION_LAYER_2_XLX_SEP_ PragmaOptions=II=1_XLX_SEP_ [-Wdump-hls-pragmas]
#pragma HLS pipeline II=1
        ^
../lenet5/hw_layers/image_convolution.cpp:162:9: warning: HLS pragma dump _XLX_SEP_ PragmaIsValid=1_XLX_SEP_ PragmaType=pipeline_XLX_SEP_ PragmaContext=_XLX_SEP_ PragmaFunction=CONVOLUTION_LAYER_2_XLX_SEP_ PragmaOptions=II=1_XLX_SEP_ [-Wdump-hls-pragmas]
#pragma HLS pipeline II=1
        ^
../lenet5/hw_layers/image_convolution.cpp:173:9: warning: HLS pragma dump _XLX_SEP_ PragmaIsValid=1_XLX_SEP_ PragmaType=pipeline_XLX_SEP_ PragmaContext=_XLX_SEP_ PragmaFunction=CONVOLUTION_LAYER_2_XLX_SEP_ PragmaOptions=II=1_XLX_SEP_ [-Wdump-hls-pragmas]
#pragma HLS pipeline II=1
        ^
../lenet5/hw_layers/image_convolution.cpp:195:9: warning: HLS pragma dump _XLX_SEP_ PragmaIsValid=1_XLX_SEP_ PragmaType=unroll_XLX_SEP_ PragmaContext=_XLX_SEP_ PragmaFunction=CONVOLUTION_LAYER_2_XLX_SEP_ PragmaOptions=factor=C2_N_PE_XLX_SEP_ [-Wdump-hls-pragmas]
#pragma HLS unroll factor=C2_N_PE
        ^
../lenet5/hw_layers/image_convolution.cpp:196:9: warning: HLS pragma dump _XLX_SEP_ PragmaIsValid=1_XLX_SEP_ PragmaType=pipeline_XLX_SEP_ PragmaContext=_XLX_SEP_ PragmaFunction=CONVOLUTION_LAYER_2_XLX_SEP_ PragmaOptions=II=1_XLX_SEP_ [-Wdump-hls-pragmas]
#pragma HLS pipeline II=1
        ^
../lenet5/hw_layers/image_convolution.cpp:198:9: warning: HLS pragma dump _XLX_SEP_ PragmaIsValid=1_XLX_SEP_ PragmaType=array_partition_XLX_SEP_ PragmaContext=_XLX_SEP_ PragmaFunction=CONVOLUTION_LAYER_2_XLX_SEP_ PragmaOptions=variable=mult complete dim=0_XLX_SEP_ [-Wdump-hls-pragmas]
#pragma HLS array_partition variable=mult complete dim=0
        ^
../lenet5/hw_layers/image_convolution.cpp:202:9: warning: HLS pragma dump _XLX_SEP_ PragmaIsValid=1_XLX_SEP_ PragmaType=unroll_XLX_SEP_ PragmaContext=_XLX_SEP_ PragmaFunction=CONVOLUTION_LAYER_2_XLX_SEP_ PragmaOptions=_XLX_SEP_ [-Wdump-hls-pragmas]
#pragma HLS unroll
        ^
../lenet5/hw_layers/image_convolution.cpp:228:9: warning: HLS pragma dump _XLX_SEP_ PragmaIsValid=1_XLX_SEP_ PragmaType=pipeline_XLX_SEP_ PragmaContext=_XLX_SEP_ PragmaFunction=CONVOLUTION_LAYER_2_XLX_SEP_ PragmaOptions=II=1_XLX_SEP_ [-Wdump-hls-pragmas]
#pragma HLS pipeline II=1
        ^
../lenet5/hw_layers/image_convolution.cpp:249:9: warning: HLS pragma dump _XLX_SEP_ PragmaIsValid=1_XLX_SEP_ PragmaType=array_partition_XLX_SEP_ PragmaContext=_XLX_SEP_ PragmaFunction=CONVOLUTION_LAYER_3_XLX_SEP_ PragmaOptions=variable=IBRAM complete dim=2_XLX_SEP_ [-Wdump-hls-pragmas]
#pragma HLS array_partition variable=IBRAM complete dim=2
        ^
../lenet5/hw_layers/image_convolution.cpp:250:9: warning: HLS pragma dump _XLX_SEP_ PragmaIsValid=1_XLX_SEP_ PragmaType=array_partition_XLX_SEP_ PragmaContext=_XLX_SEP_ PragmaFunction=CONVOLUTION_LAYER_3_XLX_SEP_ PragmaOptions=variable=WBRAM complete dim=2_XLX_SEP_ [-Wdump-hls-pragmas]
#pragma HLS array_partition variable=WBRAM complete dim=2
        ^
../lenet5/hw_layers/image_convolution.cpp:265:9: warning: HLS pragma dump _XLX_SEP_ PragmaIsValid=1_XLX_SEP_ PragmaType=pipeline_XLX_SEP_ PragmaContext=_XLX_SEP_ PragmaFunction=CONVOLUTION_LAYER_3_XLX_SEP_ PragmaOptions=_XLX_SEP_ [-Wdump-hls-pragmas]
#pragma HLS pipeline
        ^
../lenet5/hw_layers/image_convolution.cpp:278:9: warning: HLS pragma dump _XLX_SEP_ PragmaIsValid=1_XLX_SEP_ PragmaType=pipeline_XLX_SEP_ PragmaContext=_XLX_SEP_ PragmaFunction=CONVOLUTION_LAYER_3_XLX_SEP_ PragmaOptions=_XLX_SEP_ [-Wdump-hls-pragmas]
#pragma HLS pipeline
        ^
../lenet5/hw_layers/image_convolution.cpp:287:9: warning: HLS pragma dump _XLX_SEP_ PragmaIsValid=1_XLX_SEP_ PragmaType=pipeline_XLX_SEP_ PragmaContext=_XLX_SEP_ PragmaFunction=CONVOLUTION_LAYER_3_XLX_SEP_ PragmaOptions=II=1_XLX_SEP_ [-Wdump-hls-pragmas]
#pragma HLS pipeline II=1
        ^
../lenet5/hw_layers/image_convolution.cpp:298:9: warning: HLS pragma dump _XLX_SEP_ PragmaIsValid=1_XLX_SEP_ PragmaType=pipeline_XLX_SEP_ PragmaContext=_XLX_SEP_ PragmaFunction=CONVOLUTION_LAYER_3_XLX_SEP_ PragmaOptions=II=1_XLX_SEP_ [-Wdump-hls-pragmas]
#pragma HLS pipeline II=1
        ^
../lenet5/hw_layers/image_convolution.cpp:300:9: warning: HLS pragma dump _XLX_SEP_ PragmaIsValid=1_XLX_SEP_ PragmaType=array_partition_XLX_SEP_ PragmaContext=_XLX_SEP_ PragmaFunction=CONVOLUTION_LAYER_3_XLX_SEP_ PragmaOptions=variable=mult complete dim=0_XLX_SEP_ [-Wdump-hls-pragmas]
#pragma HLS array_partition variable=mult complete dim=0
        ^
../lenet5/hw_layers/image_convolution.cpp:302:9: warning: HLS pragma dump _XLX_SEP_ PragmaIsValid=1_XLX_SEP_ PragmaType=array_partition_XLX_SEP_ PragmaContext=_XLX_SEP_ PragmaFunction=CONVOLUTION_LAYER_3_XLX_SEP_ PragmaOptions=variable=acc complete dim=0_XLX_SEP_ [-Wdump-hls-pragmas]
#pragma HLS array_partition variable=acc complete dim=0
        ^
../lenet5/hw_layers/image_convolution.cpp:306:9: warning: HLS pragma dump _XLX_SEP_ PragmaIsValid=1_XLX_SEP_ PragmaType=unroll_XLX_SEP_ PragmaContext=_XLX_SEP_ PragmaFunction=CONVOLUTION_LAYER_3_XLX_SEP_ PragmaOptions=_XLX_SEP_ [-Wdump-hls-pragmas]
#pragma HLS unroll
        ^
../lenet5/hw_layers/image_convolution.cpp:310:9: warning: HLS pragma dump _XLX_SEP_ PragmaIsValid=1_XLX_SEP_ PragmaType=unroll_XLX_SEP_ PragmaContext=_XLX_SEP_ PragmaFunction=CONVOLUTION_LAYER_3_XLX_SEP_ PragmaOptions=_XLX_SEP_ [-Wdump-hls-pragmas]
#pragma HLS unroll
        ^
../lenet5/hw_layers/image_convolution.cpp:325:9: warning: HLS pragma dump _XLX_SEP_ PragmaIsValid=1_XLX_SEP_ PragmaType=pipeline_XLX_SEP_ PragmaContext=_XLX_SEP_ PragmaFunction=CONVOLUTION_LAYER_3_XLX_SEP_ PragmaOptions=II=1_XLX_SEP_ [-Wdump-hls-pragmas]
#pragma HLS pipeline II=1
        ^
43 warnings generated.
