In file included from Lenet.cpp:3:
In file included from ./lenet5.hpp:7:
./../lenet5/hw_layers/image_convolution.h:10:9: warning: unknown pragma ignored [-Winvalid-hls-pragmas]
#pragma SDS data mem_attribute(input_feature:PHYSICAL_CONTIGUOUS,weights:PHYSICAL_CONTIGUOUS,bias:PHYSICAL_CONTIGUOUS,output_feature:PHYSICAL_CONTIGUOUS)
        ^
./../lenet5/hw_layers/image_convolution.h:11:9: warning: unknown pragma ignored [-Winvalid-hls-pragmas]
#pragma SDS data access_pattern(input_feature:SEQUENTIAL,weights:SEQUENTIAL,bias:SEQUENTIAL,output_feature:SEQUENTIAL)
        ^
./../lenet5/hw_layers/image_convolution.h:12:9: warning: unknown pragma ignored [-Winvalid-hls-pragmas]
#pragma SDS data zero_copy(input_feature,weights,bias,output_feature)
        ^
./../lenet5/hw_layers/image_convolution.h:18:9: warning: unknown pragma ignored [-Winvalid-hls-pragmas]
#pragma SDS data mem_attribute(input_feature:PHYSICAL_CONTIGUOUS,weights:PHYSICAL_CONTIGUOUS,bias:PHYSICAL_CONTIGUOUS,output_feature:PHYSICAL_CONTIGUOUS)
        ^
./../lenet5/hw_layers/image_convolution.h:19:9: warning: unknown pragma ignored [-Winvalid-hls-pragmas]
#pragma SDS data access_pattern(input_feature:SEQUENTIAL,weights:SEQUENTIAL,bias:SEQUENTIAL,output_feature:SEQUENTIAL)
        ^
./../lenet5/hw_layers/image_convolution.h:20:9: warning: unknown pragma ignored [-Winvalid-hls-pragmas]
#pragma SDS data zero_copy(input_feature,weights,bias,output_feature)
        ^
./../lenet5/hw_layers/image_convolution.h:27:9: warning: unknown pragma ignored [-Winvalid-hls-pragmas]
#pragma SDS data mem_attribute(input_feature:PHYSICAL_CONTIGUOUS,weights:PHYSICAL_CONTIGUOUS,bias:PHYSICAL_CONTIGUOUS,output_feature:PHYSICAL_CONTIGUOUS)
        ^
./../lenet5/hw_layers/image_convolution.h:28:9: warning: unknown pragma ignored [-Winvalid-hls-pragmas]
#pragma SDS data access_pattern(input_feature:SEQUENTIAL,weights:SEQUENTIAL,bias:SEQUENTIAL,output_feature:SEQUENTIAL)
        ^
./../lenet5/hw_layers/image_convolution.h:29:9: warning: unknown pragma ignored [-Winvalid-hls-pragmas]
#pragma SDS data zero_copy(input_feature,weights,bias,output_feature)
        ^
directive:1:9: warning: HLS pragma dump _XLX_SEP_ PragmaIsValid=1_XLX_SEP_ PragmaType=top_XLX_SEP_ PragmaContext=directive_XLX_SEP_ PragmaFunction=lenet5_XLX_SEP_ PragmaOptions=name=lenet5_XLX_SEP_ [-Wdump-hls-pragmas]
#pragma HLSDIRECTIVE TOP name=lenet5
        ^
10 warnings generated.
