INFO: [HLS 200-2005] Using work_dir /primary/Lenet_5/lenet5_hls/Lenet_HLS_Component/Lenet_HLS_Component 
INFO: [HLS 200-1611] Setting target device to 'xczu7ev-ffvc1156-2-e'
INFO: [HLS 200-1505] Using default flow_target 'vivado'
Resolution: For help on HLS 200-1505 see docs.xilinx.com/access/sources/dita/topic?Doc_Version=2024.2%20English&url=ug1448-hls-guidance&resourceid=200-1505.html
WARNING: [HLS 200-2001] file not found '/primary/Lenet_5/lenet5_hls/lenet5/hw_layers/image_pool.h' see [hls] from /primary/Lenet_5/lenet5_hls/Lenet_HLS_Component/hls_config.cfg(14)
INFO: [HLS 200-1465] Applying ini 'syn.file=/primary/Lenet_5/lenet5_hls/lenet5/hw_layers/activation.cpp' from /primary/Lenet_5/lenet5_hls/Lenet_HLS_Component/hls_config.cfg(8)
INFO: [HLS 200-10] Adding design file '/primary/Lenet_5/lenet5_hls/lenet5/hw_layers/activation.cpp' to the project
INFO: [HLS 200-1465] Applying ini 'syn.file=/primary/Lenet_5/lenet5_hls/lenet5/hw_layers/activation.h' from /primary/Lenet_5/lenet5_hls/Lenet_HLS_Component/hls_config.cfg(9)
INFO: [HLS 200-10] Adding design file '/primary/Lenet_5/lenet5_hls/lenet5/hw_layers/activation.h' to the project
INFO: [HLS 200-1465] Applying ini 'syn.file=/primary/Lenet_5/lenet5_hls/lenet5/hw_layers/image_convolution.cpp' from /primary/Lenet_5/lenet5_hls/Lenet_HLS_Component/hls_config.cfg(10)
INFO: [HLS 200-10] Adding design file '/primary/Lenet_5/lenet5_hls/lenet5/hw_layers/image_convolution.cpp' to the project
INFO: [HLS 200-1465] Applying ini 'syn.file=/primary/Lenet_5/lenet5_hls/lenet5/hw_layers/image_convolution.h' from /primary/Lenet_5/lenet5_hls/Lenet_HLS_Component/hls_config.cfg(11)
INFO: [HLS 200-10] Adding design file '/primary/Lenet_5/lenet5_hls/lenet5/hw_layers/image_convolution.h' to the project
INFO: [HLS 200-1465] Applying ini 'syn.file=/primary/Lenet_5/lenet5_hls/lenet5/hw_layers/image_fullyconnected.h' from /primary/Lenet_5/lenet5_hls/Lenet_HLS_Component/hls_config.cfg(12)
INFO: [HLS 200-10] Adding design file '/primary/Lenet_5/lenet5_hls/lenet5/hw_layers/image_fullyconnected.h' to the project
INFO: [HLS 200-1465] Applying ini 'syn.file=/primary/Lenet_5/lenet5_hls/lenet5/hw_layers/image_pool.cpp' from /primary/Lenet_5/lenet5_hls/Lenet_HLS_Component/hls_config.cfg(13)
INFO: [HLS 200-10] Adding design file '/primary/Lenet_5/lenet5_hls/lenet5/hw_layers/image_pool.cpp' to the project
INFO: [HLS 200-1465] Applying ini 'syn.file=/primary/Lenet_5/lenet5_hls/lenet5/hw_layers/image_pool.h' from /primary/Lenet_5/lenet5_hls/Lenet_HLS_Component/hls_config.cfg(14)
WARNING: [HLS 200-40] Cannot find design file '/primary/Lenet_5/lenet5_hls/lenet5/hw_layers/image_pool.h'
INFO: [HLS 200-1465] Applying ini 'syn.file=/primary/Lenet_5/lenet5_hls/lenet5/classify_lib.h' from /primary/Lenet_5/lenet5_hls/Lenet_HLS_Component/hls_config.cfg(15)
INFO: [HLS 200-10] Adding design file '/primary/Lenet_5/lenet5_hls/lenet5/classify_lib.h' to the project
INFO: [HLS 200-1465] Applying ini 'syn.file=/primary/Lenet_5/lenet5_hls/lenet5/common.h' from /primary/Lenet_5/lenet5_hls/Lenet_HLS_Component/hls_config.cfg(16)
INFO: [HLS 200-10] Adding design file '/primary/Lenet_5/lenet5_hls/lenet5/common.h' to the project
INFO: [HLS 200-1465] Applying ini 'syn.file=/primary/Lenet_5/lenet5_hls/lenet5/hw_layers/image_pool.hpp' from /primary/Lenet_5/lenet5_hls/Lenet_HLS_Component/hls_config.cfg(17)
INFO: [HLS 200-10] Adding design file '/primary/Lenet_5/lenet5_hls/lenet5/hw_layers/image_pool.hpp' to the project
INFO: [HLS 200-1465] Applying ini 'syn.file=Lenet.cpp' from /primary/Lenet_5/lenet5_hls/Lenet_HLS_Component/hls_config.cfg(18)
INFO: [HLS 200-10] Adding design file '/primary/Lenet_5/lenet5_hls/Lenet_HLS_Component/Lenet.cpp' to the project
INFO: [HLS 200-1465] Applying ini 'syn.file=lenet5.hpp' from /primary/Lenet_5/lenet5_hls/Lenet_HLS_Component/hls_config.cfg(19)
INFO: [HLS 200-10] Adding design file '/primary/Lenet_5/lenet5_hls/Lenet_HLS_Component/lenet5.hpp' to the project
INFO: [HLS 200-1465] Applying ini 'syn.file=Weights_Conv1.h' from /primary/Lenet_5/lenet5_hls/Lenet_HLS_Component/hls_config.cfg(20)
INFO: [HLS 200-10] Adding design file '/primary/Lenet_5/lenet5_hls/Lenet_HLS_Component/Weights_Conv1.h' to the project
INFO: [HLS 200-1465] Applying ini 'syn.file=Weights_Pool1.h' from /primary/Lenet_5/lenet5_hls/Lenet_HLS_Component/hls_config.cfg(21)
INFO: [HLS 200-10] Adding design file '/primary/Lenet_5/lenet5_hls/Lenet_HLS_Component/Weights_Pool1.h' to the project
INFO: [HLS 200-1465] Applying ini 'syn.file=Weights_Pool2.h' from /primary/Lenet_5/lenet5_hls/Lenet_HLS_Component/hls_config.cfg(22)
INFO: [HLS 200-10] Adding design file '/primary/Lenet_5/lenet5_hls/Lenet_HLS_Component/Weights_Pool2.h' to the project
INFO: [HLS 200-1465] Applying ini 'syn.file=Wfc2.h' from /primary/Lenet_5/lenet5_hls/Lenet_HLS_Component/hls_config.cfg(23)
INFO: [HLS 200-10] Adding design file '/primary/Lenet_5/lenet5_hls/Lenet_HLS_Component/Wfc2.h' to the project
INFO: [HLS 200-1465] Applying ini 'syn.file=Wconv2.h' from /primary/Lenet_5/lenet5_hls/Lenet_HLS_Component/hls_config.cfg(24)
INFO: [HLS 200-10] Adding design file '/primary/Lenet_5/lenet5_hls/Lenet_HLS_Component/Wconv2.h' to the project
INFO: [HLS 200-1465] Applying ini 'syn.top=lenet5' from /primary/Lenet_5/lenet5_hls/Lenet_HLS_Component/hls_config.cfg(7)
INFO: [HLS 200-1465] Applying ini 'flow_target=vivado' from /primary/Lenet_5/lenet5_hls/Lenet_HLS_Component/hls_config.cfg(4)
INFO: [HLS 200-1505] Using flow_target 'vivado'
Resolution: For help on HLS 200-1505 see docs.xilinx.com/access/sources/dita/topic?Doc_Version=2024.2%20English&url=ug1448-hls-guidance&resourceid=200-1505.html
INFO: [HLS 200-1465] Applying ini 'part=xczu7ev-ffvc1156-2-e' from /primary/Lenet_5/lenet5_hls/Lenet_HLS_Component/hls_config.cfg(1)
INFO: [HLS 200-1465] Applying ini 'package.output.format=ip_catalog' from /primary/Lenet_5/lenet5_hls/Lenet_HLS_Component/hls_config.cfg(5)
INFO: [IMPL 213-8] Exporting RTL as a Vivado IP.
WARNING: /work/Xilinx/Vivado/2024.2/tps/lnx64/jre11.0.16_1 does not exist.

****** Vivado v2024.2 (64-bit)
  **** SW Build 5239630 on Fri Nov 08 22:34:34 MST 2024
  **** IP Build 5239520 on Sun Nov 10 16:12:51 MST 2024
  **** SharedData Build 5239561 on Fri Nov 08 14:39:27 MST 2024
  **** Start of session at: Sat Feb  1 13:37:06 2025
    ** Copyright 1986-2022 Xilinx, Inc. All Rights Reserved.
    ** Copyright 2022-2024 Advanced Micro Devices, Inc. All Rights Reserved.

source run_ippack.tcl -notrace
INFO: calling package_hls_ip ip_types=vitis sysgen json_file=/primary/Lenet_5/lenet5_hls/Lenet_HLS_Component/Lenet_HLS_Component/hls/hls_data.json outdir=/primary/Lenet_5/lenet5_hls/Lenet_HLS_Component/Lenet_HLS_Component/hls/impl/ip srcdir=/primary/Lenet_5/lenet5_hls/Lenet_HLS_Component/Lenet_HLS_Component/hls sort_interfaces_ports=false
INFO: Copied 1 ipmisc file(s) to /primary/Lenet_5/lenet5_hls/Lenet_HLS_Component/Lenet_HLS_Component/hls/impl/ip/misc
INFO: Copied 20 verilog file(s) to /primary/Lenet_5/lenet5_hls/Lenet_HLS_Component/Lenet_HLS_Component/hls/impl/ip/hdl/verilog
INFO: Copied 18 vhdl file(s) to /primary/Lenet_5/lenet5_hls/Lenet_HLS_Component/Lenet_HLS_Component/hls/impl/ip/hdl/vhdl
Generating 4 subcores in /primary/Lenet_5/lenet5_hls/Lenet_HLS_Component/Lenet_HLS_Component/hls/impl/ip/hdl/ip.tmp:
impl/misc/lenet5_fadd_32ns_32ns_32_4_full_dsp_1_ip.tcl
impl/misc/lenet5_fdiv_32ns_32ns_32_9_no_dsp_1_ip.tcl
impl/misc/lenet5_fexp_32ns_32ns_32_8_full_dsp_1_ip.tcl
impl/misc/lenet5_fmul_32ns_32ns_32_3_max_dsp_1_ip.tcl
INFO: Using COE_DIR=/primary/Lenet_5/lenet5_hls/Lenet_HLS_Component/Lenet_HLS_Component/hls/impl/ip/hdl/verilog
INFO: Generating lenet5_fadd_32ns_32ns_32_4_full_dsp_1_ip via file impl/misc/lenet5_fadd_32ns_32ns_32_4_full_dsp_1_ip.tcl
INFO: [IP_Flow 19-234] Refreshing IP repositories
INFO: [IP_Flow 19-1704] No user IP repositories specified
INFO: [IP_Flow 19-2313] Loaded Vivado IP repository '/work/Xilinx/Vivado/2024.2/data/ip'.
INFO: [IP_Flow 19-1686] Generating 'Synthesis' target for IP 'lenet5_fadd_32ns_32ns_32_4_full_dsp_1_ip'...
INFO: [IP_Flow 19-1686] Generating 'Simulation' target for IP 'lenet5_fadd_32ns_32ns_32_4_full_dsp_1_ip'...
INFO: Done generating lenet5_fadd_32ns_32ns_32_4_full_dsp_1_ip via file impl/misc/lenet5_fadd_32ns_32ns_32_4_full_dsp_1_ip.tcl
INFO: Generating lenet5_fdiv_32ns_32ns_32_9_no_dsp_1_ip via file impl/misc/lenet5_fdiv_32ns_32ns_32_9_no_dsp_1_ip.tcl
INFO: [IP_Flow 19-1686] Generating 'Synthesis' target for IP 'lenet5_fdiv_32ns_32ns_32_9_no_dsp_1_ip'...
INFO: [IP_Flow 19-1686] Generating 'Simulation' target for IP 'lenet5_fdiv_32ns_32ns_32_9_no_dsp_1_ip'...
INFO: Done generating lenet5_fdiv_32ns_32ns_32_9_no_dsp_1_ip via file impl/misc/lenet5_fdiv_32ns_32ns_32_9_no_dsp_1_ip.tcl
INFO: Generating lenet5_fexp_32ns_32ns_32_8_full_dsp_1_ip via file impl/misc/lenet5_fexp_32ns_32ns_32_8_full_dsp_1_ip.tcl
INFO: [IP_Flow 19-1686] Generating 'Synthesis' target for IP 'lenet5_fexp_32ns_32ns_32_8_full_dsp_1_ip'...
INFO: [IP_Flow 19-1686] Generating 'Simulation' target for IP 'lenet5_fexp_32ns_32ns_32_8_full_dsp_1_ip'...
INFO: Done generating lenet5_fexp_32ns_32ns_32_8_full_dsp_1_ip via file impl/misc/lenet5_fexp_32ns_32ns_32_8_full_dsp_1_ip.tcl
INFO: Generating lenet5_fmul_32ns_32ns_32_3_max_dsp_1_ip via file impl/misc/lenet5_fmul_32ns_32ns_32_3_max_dsp_1_ip.tcl
INFO: [IP_Flow 19-1686] Generating 'Synthesis' target for IP 'lenet5_fmul_32ns_32ns_32_3_max_dsp_1_ip'...
INFO: [IP_Flow 19-1686] Generating 'Simulation' target for IP 'lenet5_fmul_32ns_32ns_32_3_max_dsp_1_ip'...
INFO: Done generating lenet5_fmul_32ns_32ns_32_3_max_dsp_1_ip via file impl/misc/lenet5_fmul_32ns_32ns_32_3_max_dsp_1_ip.tcl
INFO: Import ports from HDL: /primary/Lenet_5/lenet5_hls/Lenet_HLS_Component/Lenet_HLS_Component/hls/impl/ip/hdl/vhdl/lenet5.vhd (lenet5)
INFO: Add clock interface ap_clk
INFO: Add reset interface ap_rst
INFO: Add ap_ctrl interface ap_ctrl
INFO: Add data interface input_layer_address0
INFO: [IP_Flow 19-234] Refreshing IP repositories
INFO: [IP_Flow 19-1704] No user IP repositories specified
INFO: [IP_Flow 19-2313] Loaded Vivado IP repository '/work/Xilinx/Vivado/2024.2/data/ip'.
INFO: Add data interface input_layer_q0
INFO: Add data interface output_r
INFO: Calling post_process_vitis to specialize IP
INFO: Calling post_process_sysgen to specialize IP
Generating sysgen info xml from json file
INFO: Created IP /primary/Lenet_5/lenet5_hls/Lenet_HLS_Component/Lenet_HLS_Component/hls/impl/ip/component.xml
INFO: Created IP archive /primary/Lenet_5/lenet5_hls/Lenet_HLS_Component/Lenet_HLS_Component/hls/impl/ip/xilinx_com_hls_lenet5_1_0.zip
INFO: [Common 17-206] Exiting Vivado at Sat Feb  1 13:37:20 2025...
INFO: [IMPL 213-8] Starting RTL evaluation using Vivado ...
WARNING: /work/Xilinx/Vivado/2024.2/tps/lnx64/jre11.0.16_1 does not exist.

****** Vivado v2024.2 (64-bit)
  **** SW Build 5239630 on Fri Nov 08 22:34:34 MST 2024
  **** IP Build 5239520 on Sun Nov 10 16:12:51 MST 2024
  **** SharedData Build 5239561 on Fri Nov 08 14:39:27 MST 2024
  **** Start of session at: Sat Feb  1 13:37:33 2025
    ** Copyright 1986-2022 Xilinx, Inc. All Rights Reserved.
    ** Copyright 2022-2024 Advanced Micro Devices, Inc. All Rights Reserved.

source run_vivado.tcl
# source ./settings.tcl
## set top_module lenet5
## set language verilog
## set family zynquplus
## set device xczu7ev
## set package -ffvc1156
## set speed -2-e
## set clock ap_clk
## set fsm_ext "off"
## set add_io_buffers false 
# source -notrace ./extraction.tcl
# set vivado_proj_name project
# set vivado_proj_dir .
# set target_device "${device}${package}${speed}"
# set target_clk_period_ns "10.000"
# set target_clk_freq_hz [expr {floor(1000 / $target_clk_period_ns) * 1000000}]
# set other_clks_freq_hz {}
# set ip_vlnv xilinx.com:hls:lenet5:1.0
# set ip_repo_path ../ip
# set bd_design_name bd_0
# set bd_inst_name hls_inst
# set bd_props {}
# set has_synth true
# set synth_design_args {-directive sdx_optimization_effort_high}
# set synth_dcp ""
# set synth_props {}
# set has_impl 1
# set impl_props {}
# set report_options [dict create]
# dict set report_options report_level 2
# dict set report_options report_max_paths 10
# dict set report_options stdout_hls_reports 1
# dict set report_options stdout_vivado_reports 0
# dict set report_options hls_project Lenet_HLS_Component
# dict set report_options hls_solution hls
# dict set report_options has_synth $has_synth
# dict set report_options has_impl $has_impl
# dict set report_options vivado_reportbasename $top_module
# dict set report_options vivado_reportdir ./report
# dict set report_options hls_impl_dir ..
# dict set report_options hls_reportdir ../report/$language
# dict set report_options target_clk_period $target_clk_period_ns
# dict set report_options target_device $target_device
# dict set report_options language $language
# dict set report_options clock_name $clock
# dict set report_options error_if_impl_timing_fails false
# dict set report_options topmodule "lenet5"
# dict set report_options funcmodules {lenet5_CONVOLUTION_LAYER_1_Pipeline_copy_input_2_copy_input_3 lenet5_CONVOLUTION_LAYER_1_Pipeline_ROW_K_COL_K_ROW_COL lenet5_CONVOLUTION_LAYER_1_Pipeline_VITIS_LOOP_101_2_VITIS_LOOP_102_3 lenet5_CONVOLUTION_LAYER_1}
# dict set report_options bindmodules {lenet5_flow_control_loop_pipe_sequential_init lenet5_fadd_32ns_32ns_32_4_full_dsp_1 lenet5_fmul_32ns_32ns_32_3_max_dsp_1 lenet5_CONVOLUTION_LAYER_1_Pipeline_ROW_K_COL_K_ROW_COL_WBRAM_5_RAM_AUTO_1R1W lenet5_fdiv_32ns_32ns_32_9_no_dsp_1 lenet5_fexp_32ns_32ns_32_8_full_dsp_1 lenet5_sparsemux_13_3_32_1_1 lenet5_urem_10ns_4ns_3_14_1 lenet5_mul_13ns_15ns_27_1_1 lenet5_mac_muladd_10ns_3ns_10ns_13_4_1 lenet5_CONVOLUTION_LAYER_1_Pipeline_VITIS_LOOP_101_2_VITIS_LOOP_102_3_hconv1_local_lbkb lenet5_CONVOLUTION_LAYER_1_IBRAM_RAM_AUTO_1R1W lenet5_CONVOLUTION_LAYER_1_OBRAM_RAM_AUTO_1R1W}
# dict set report_options max_module_depth 7
# create_project $vivado_proj_name $vivado_proj_dir -part $target_device -force
# set_property target_language $language [current_project]
# if { ![file exists $ip_repo_path] } {
#   error "Cannot find packaged HLS IP"
# }
# set_property ip_repo_paths [file normalize $ip_repo_path] [current_project]
# update_ip_catalog
INFO: [IP_Flow 19-234] Refreshing IP repositories
INFO: [IP_Flow 19-1700] Loaded user IP repository '/primary/Lenet_5/lenet5_hls/Lenet_HLS_Component/Lenet_HLS_Component/hls/impl/ip'.
INFO: [IP_Flow 19-2313] Loaded Vivado IP repository '/work/Xilinx/Vivado/2024.2/data/ip'.
# create_bd_design bd_0
Wrote  : </primary/Lenet_5/lenet5_hls/Lenet_HLS_Component/Lenet_HLS_Component/hls/impl/verilog/project.srcs/sources_1/bd/bd_0/bd_0.bd> 
# set cell_inst [create_bd_cell -type ip -vlnv $ip_vlnv $bd_inst_name]
# if { [llength $bd_props] } { 
#   set_property -dict $bd_props $cell_inst 
# }
# make_bd_pins_external $cell_inst
# make_bd_intf_pins_external $cell_inst
# set bd_clk_ports [get_bd_ports -filter {TYPE==clk}]
# if { $target_clk_freq_hz ne "" } { 
#   foreach bd_clk_port $bd_clk_ports {
#     # Remove "_0" suffix from BD ports & interfaces so they match IP ports 
#     set clk_name [regsub {_0$} [get_property name $bd_clk_port] {}]
#     set port_freq_hz $target_clk_freq_hz
#     if { [dict exists $other_clks_freq_hz $clk_name] } {
#         set port_freq_hz [dict get $other_clks_freq_hz $clk_name]
#     }
#     set_property CONFIG.FREQ_HZ $port_freq_hz $bd_clk_port
#   }
# }
# foreach bd_port [get_bd_intf_ports] {
#   set_property name [regsub {_0$} [get_property name $bd_port] {}] $bd_port
# }
# foreach bd_port [get_bd_ports -filter {INTF!=TRUE}] {
#   set_property name [regsub {_0$} [get_property name $bd_port] {}] $bd_port
# }
# set s_axi_addr_width_min 32
WARNING: [BD 5-233] No interface ports matched 'get_bd_intf_ports -filter {MODE == "Slave" && VLNV =~ "xilinx.com:interface:aximm_rtl:*"}'
# foreach bd_port [get_bd_intf_ports -filter {MODE == "Slave" && VLNV =~ "xilinx.com:interface:aximm_rtl:*"}] {
#   set bd_port_addr_width [get_property CONFIG.ADDR_WIDTH $bd_port]
#   if { $bd_port_addr_width < $s_axi_addr_width_min } {
#     puts "INFO: Updating $bd_port CONFIG.ADDR_WIDTH to $s_axi_addr_width_min"
#     set_property CONFIG.ADDR_WIDTH $s_axi_addr_width_min $bd_port
#   }
# }
# set_msg_config -id {[BD 41-1265]} -severity {CRITICAL WARNING} -new_severity {INFO}
# assign_bd_address
INFO: [BD 41-3093] Triggering Legacy Auto Assign Algorithm
Wrote  : </primary/Lenet_5/lenet5_hls/Lenet_HLS_Component/Lenet_HLS_Component/hls/impl/verilog/project.srcs/sources_1/bd/bd_0/bd_0.bd> 
Verilog Output written to : /primary/Lenet_5/lenet5_hls/Lenet_HLS_Component/Lenet_HLS_Component/hls/impl/verilog/project.gen/sources_1/bd/bd_0/synth/bd_0.v
Verilog Output written to : /primary/Lenet_5/lenet5_hls/Lenet_HLS_Component/Lenet_HLS_Component/hls/impl/verilog/project.gen/sources_1/bd/bd_0/sim/bd_0.v
Verilog Output written to : /primary/Lenet_5/lenet5_hls/Lenet_HLS_Component/Lenet_HLS_Component/hls/impl/verilog/project.gen/sources_1/bd/bd_0/hdl/bd_0_wrapper.v
# set toprtl [make_wrapper -files [get_files ${bd_design_name}.bd] -top]
# add_files -norecurse $toprtl
# set top_inst_name [file root [file tail $toprtl]]
# puts "Using BD top: $top_inst_name"
Using BD top: bd_0_wrapper
# set xdc_files [glob -nocomplain ./*.xdc]
# if { [llength $xdc_files] } {
#     add_files -fileset constrs_1 -norecurse $xdc_files
# }
# launch_runs synth_1 -scripts_only
INFO: [BD 41-1662] The design 'bd_0.bd' is already validated. Therefore parameter propagation will not be re-run.
Verilog Output written to : /primary/Lenet_5/lenet5_hls/Lenet_HLS_Component/Lenet_HLS_Component/hls/impl/verilog/project.gen/sources_1/bd/bd_0/synth/bd_0.v
Verilog Output written to : /primary/Lenet_5/lenet5_hls/Lenet_HLS_Component/Lenet_HLS_Component/hls/impl/verilog/project.gen/sources_1/bd/bd_0/sim/bd_0.v
Verilog Output written to : /primary/Lenet_5/lenet5_hls/Lenet_HLS_Component/Lenet_HLS_Component/hls/impl/verilog/project.gen/sources_1/bd/bd_0/hdl/bd_0_wrapper.v
INFO: [BD 41-1029] Generation completed for the IP Integrator block hls_inst .
Exporting to file /primary/Lenet_5/lenet5_hls/Lenet_HLS_Component/Lenet_HLS_Component/hls/impl/verilog/project.gen/sources_1/bd/bd_0/hw_handoff/bd_0.hwh
Generated Hardware Definition File /primary/Lenet_5/lenet5_hls/Lenet_HLS_Component/Lenet_HLS_Component/hls/impl/verilog/project.gen/sources_1/bd/bd_0/synth/bd_0.hwdef
INFO: [IP_Flow 19-6924] IPCACHE: Running cache check for IP inst: bd_0_hls_inst_0
WARNING: [Vivado 12-7122] Auto Incremental Compile:: No reference checkpoint was found in run synth_1. Auto-incremental flow will not be run, the standard flow will be run instead.
launch_runs: Time (s): cpu = 00:00:08 ; elapsed = 00:00:09 . Memory (MB): peak = 1585.043 ; gain = 88.043 ; free physical = 612 ; free virtual = 4252
# foreach run [get_runs -filter {IS_SYNTHESIS == 1}] {
#   reset_run [get_runs $run]
# }
# set_property XPM_LIBRARIES {XPM_MEMORY XPM_FIFO} [current_project]
# hls_vivado_reports_setup $report_options
TIMESTAMP: HLS-REPORT: initialize report directories: 2025-02-01 13:37:52 IST
# if { $has_synth || $has_impl } {
#   # synth properties setting
#   set_property -name {STEPS.SYNTH_DESIGN.ARGS.MORE OPTIONS} -value {-mode out_of_context} -objects [get_runs synth_1]
#   set ip_inst [get_ips -quiet ${bd_design_name}*${bd_inst_name}*]
#   if { ![llength $ip_inst] } {
#       error "Cannot find HLS IP instance: ${bd_design_name}*${bd_inst_name}*"
#   }
#   set synth_run [get_runs -filter {IS_SYNTHESIS == 1} ${ip_inst}*]
#   if { ![llength $synth_run] } {
#       error "Cannot find synth run for HLS IP: ${ip_inst}*"
#   }
# 
#   if { [llength $synth_design_args] } {
#       set_property -name {STEPS.SYNTH_DESIGN.ARGS.MORE OPTIONS} -value $synth_design_args -objects $synth_run
#   }
# 
#   if { [llength $synth_props] } {
#     set_property -dict $synth_props $synth_run
#   }
# 
#   # launch run synth
#   launch_runs synth_1
#   wait_on_run synth_1
#   # synth reports
#   hls_vivado_reports_synth synth_1 $report_options
#   if { $synth_dcp ne "" } {
#     file mkdir [file dirname $synth_dcp]
#     set run_dcp [glob -nocomplain [get_property DIRECTORY $synth_run]/*.dcp]
#     if { [llength $run_dcp] != 1 } { error "Cannot find single dcp file for run $synth_run" }
#     file copy -force $run_dcp $synth_dcp
#   }
# }
INFO: [IP_Flow 19-6924] IPCACHE: Running cache check for IP inst: bd_0_hls_inst_0
WARNING: [Vivado 12-7122] Auto Incremental Compile:: No reference checkpoint was found in run synth_1. Auto-incremental flow will not be run, the standard flow will be run instead.
[Sat Feb  1 13:37:52 2025] Launched bd_0_hls_inst_0_synth_1...
Run output will be captured here: /primary/Lenet_5/lenet5_hls/Lenet_HLS_Component/Lenet_HLS_Component/hls/impl/verilog/project.runs/bd_0_hls_inst_0_synth_1/runme.log
[Sat Feb  1 13:37:52 2025] Launched synth_1...
Run output will be captured here: /primary/Lenet_5/lenet5_hls/Lenet_HLS_Component/Lenet_HLS_Component/hls/impl/verilog/project.runs/synth_1/runme.log
[Sat Feb  1 13:37:52 2025] Waiting for synth_1 to finish...
WARNING: /work/Xilinx/Vivado/2024.2/tps/lnx64/jre11.0.16_1 does not exist.

*** Running vivado
    with args -log bd_0_wrapper.vds -m64 -product Vivado -mode batch -messageDb vivado.pb -notrace -source bd_0_wrapper.tcl

WARNING: /work/Xilinx/Vivado/2024.2/tps/lnx64/jre11.0.16_1 does not exist.

****** Vivado v2024.2 (64-bit)
  **** SW Build 5239630 on Fri Nov 08 22:34:34 MST 2024
  **** IP Build 5239520 on Sun Nov 10 16:12:51 MST 2024
  **** SharedData Build 5239561 on Fri Nov 08 14:39:27 MST 2024
  **** Start of session at: Sat Feb  1 13:40:27 2025
    ** Copyright 1986-2022 Xilinx, Inc. All Rights Reserved.
    ** Copyright 2022-2024 Advanced Micro Devices, Inc. All Rights Reserved.

source bd_0_wrapper.tcl -notrace
INFO: Dispatch client connection id - 45685
INFO: [IP_Flow 19-234] Refreshing IP repositories
INFO: [IP_Flow 19-1700] Loaded user IP repository '/primary/Lenet_5/lenet5_hls/Lenet_HLS_Component/Lenet_HLS_Component/hls/impl/ip'.
INFO: [IP_Flow 19-2313] Loaded Vivado IP repository '/work/Xilinx/Vivado/2024.2/data/ip'.
Command: synth_design -top bd_0_wrapper -part xczu7ev-ffvc1156-2-e -mode out_of_context
Starting synth_design
Attempting to get a license for feature 'Synthesis' and/or device 'xczu7ev'
INFO: [Common 17-349] Got license for feature 'Synthesis' and/or device 'xczu7ev'
INFO: [Device 21-403] Loading part xczu7ev-ffvc1156-2-e
INFO: [Synth 8-7079] Multithreading enabled for synth_design using a maximum of 7 processes.
INFO: [Synth 8-7078] Launching helper process for spawning children vivado processes
INFO: [Synth 8-7075] Helper process launched with PID 14591
---------------------------------------------------------------------------------
Starting RTL Elaboration : Time (s): cpu = 00:00:06 ; elapsed = 00:00:06 . Memory (MB): peak = 2613.859 ; gain = 124.688 ; free physical = 615 ; free virtual = 2413
---------------------------------------------------------------------------------
INFO: [Synth 8-6157] synthesizing module 'bd_0_wrapper' [/primary/Lenet_5/lenet5_hls/Lenet_HLS_Component/Lenet_HLS_Component/hls/impl/verilog/project.gen/sources_1/bd/bd_0/hdl/bd_0_wrapper.v:13]
INFO: [Synth 8-6157] synthesizing module 'bd_0' [/primary/Lenet_5/lenet5_hls/Lenet_HLS_Component/Lenet_HLS_Component/hls/impl/verilog/project.gen/sources_1/bd/bd_0/synth/bd_0.v:13]
INFO: [Synth 8-6157] synthesizing module 'bd_0_hls_inst_0' [/primary/Lenet_5/lenet5_hls/Lenet_HLS_Component/Lenet_HLS_Component/hls/impl/verilog/project.runs/synth_1/.Xil/Vivado-14543-arix8/realtime/bd_0_hls_inst_0_stub.v:6]
INFO: [Synth 8-6155] done synthesizing module 'bd_0_hls_inst_0' (0#1) [/primary/Lenet_5/lenet5_hls/Lenet_HLS_Component/Lenet_HLS_Component/hls/impl/verilog/project.runs/synth_1/.Xil/Vivado-14543-arix8/realtime/bd_0_hls_inst_0_stub.v:6]
INFO: [Synth 8-6155] done synthesizing module 'bd_0' (0#1) [/primary/Lenet_5/lenet5_hls/Lenet_HLS_Component/Lenet_HLS_Component/hls/impl/verilog/project.gen/sources_1/bd/bd_0/synth/bd_0.v:13]
INFO: [Synth 8-6155] done synthesizing module 'bd_0_wrapper' (0#1) [/primary/Lenet_5/lenet5_hls/Lenet_HLS_Component/Lenet_HLS_Component/hls/impl/verilog/project.gen/sources_1/bd/bd_0/hdl/bd_0_wrapper.v:13]
---------------------------------------------------------------------------------
Finished RTL Elaboration : Time (s): cpu = 00:00:08 ; elapsed = 00:00:08 . Memory (MB): peak = 2688.828 ; gain = 199.656 ; free physical = 529 ; free virtual = 2331
---------------------------------------------------------------------------------
---------------------------------------------------------------------------------
Start Handling Custom Attributes
---------------------------------------------------------------------------------
---------------------------------------------------------------------------------
Finished Handling Custom Attributes : Time (s): cpu = 00:00:08 ; elapsed = 00:00:08 . Memory (MB): peak = 2688.828 ; gain = 199.656 ; free physical = 529 ; free virtual = 2330
---------------------------------------------------------------------------------
---------------------------------------------------------------------------------
Finished RTL Optimization Phase 1 : Time (s): cpu = 00:00:08 ; elapsed = 00:00:08 . Memory (MB): peak = 2688.828 ; gain = 199.656 ; free physical = 529 ; free virtual = 2330
---------------------------------------------------------------------------------
Netlist sorting complete. Time (s): cpu = 00:00:00 ; elapsed = 00:00:00 . Memory (MB): peak = 2692.828 ; gain = 0.000 ; free physical = 529 ; free virtual = 2330
INFO: [Project 1-570] Preparing netlist for logic optimization

Processing XDC Constraints
Initializing timing engine
Parsing XDC File [/primary/Lenet_5/lenet5_hls/Lenet_HLS_Component/Lenet_HLS_Component/hls/impl/verilog/project.gen/sources_1/bd/bd_0/ip/bd_0_hls_inst_0/bd_0_hls_inst_0/bd_0_hls_inst_0_in_context.xdc] for cell 'bd_0_i/hls_inst'
Finished Parsing XDC File [/primary/Lenet_5/lenet5_hls/Lenet_HLS_Component/Lenet_HLS_Component/hls/impl/verilog/project.gen/sources_1/bd/bd_0/ip/bd_0_hls_inst_0/bd_0_hls_inst_0/bd_0_hls_inst_0_in_context.xdc] for cell 'bd_0_i/hls_inst'
Parsing XDC File [/primary/Lenet_5/lenet5_hls/Lenet_HLS_Component/Lenet_HLS_Component/hls/impl/verilog/lenet5.xdc]
create_clock: Time (s): cpu = 00:00:06 ; elapsed = 00:00:06 . Memory (MB): peak = 2740.480 ; gain = 0.000 ; free physical = 565 ; free virtual = 2378
Finished Parsing XDC File [/primary/Lenet_5/lenet5_hls/Lenet_HLS_Component/Lenet_HLS_Component/hls/impl/verilog/lenet5.xdc]
Parsing XDC File [/primary/Lenet_5/lenet5_hls/Lenet_HLS_Component/Lenet_HLS_Component/hls/impl/verilog/project.runs/synth_1/dont_touch.xdc]
Finished Parsing XDC File [/primary/Lenet_5/lenet5_hls/Lenet_HLS_Component/Lenet_HLS_Component/hls/impl/verilog/project.runs/synth_1/dont_touch.xdc]
Completed Processing XDC Constraints

Netlist sorting complete. Time (s): cpu = 00:00:00 ; elapsed = 00:00:00 . Memory (MB): peak = 2740.480 ; gain = 0.000 ; free physical = 564 ; free virtual = 2378
INFO: [Project 1-111] Unisim Transformation Summary:
No Unisim elements were transformed.

Constraint Validation Runtime : Time (s): cpu = 00:00:00.02 ; elapsed = 00:00:00.02 . Memory (MB): peak = 2740.480 ; gain = 0.000 ; free physical = 565 ; free virtual = 2379
---------------------------------------------------------------------------------
Finished Constraint Validation : Time (s): cpu = 00:00:23 ; elapsed = 00:00:24 . Memory (MB): peak = 2740.480 ; gain = 251.309 ; free physical = 571 ; free virtual = 2397
---------------------------------------------------------------------------------
---------------------------------------------------------------------------------
Start Loading Part and Timing Information
---------------------------------------------------------------------------------
Loading part: xczu7ev-ffvc1156-2-e
INFO: [Synth 8-6742] Reading net delay rules and data
---------------------------------------------------------------------------------
Finished Loading Part and Timing Information : Time (s): cpu = 00:00:24 ; elapsed = 00:00:24 . Memory (MB): peak = 2748.484 ; gain = 259.312 ; free physical = 571 ; free virtual = 2397
---------------------------------------------------------------------------------
---------------------------------------------------------------------------------
Start Applying 'set_property' XDC Constraints
---------------------------------------------------------------------------------
Applied set_property KEEP_HIERARCHY = SOFT for bd_0_i. (constraint file  auto generated constraint).
Applied set_property KEEP_HIERARCHY = SOFT for bd_0_i/hls_inst. (constraint file  auto generated constraint).
---------------------------------------------------------------------------------
Finished applying 'set_property' XDC Constraints : Time (s): cpu = 00:00:24 ; elapsed = 00:00:24 . Memory (MB): peak = 2748.484 ; gain = 259.312 ; free physical = 571 ; free virtual = 2397
---------------------------------------------------------------------------------
---------------------------------------------------------------------------------
Finished RTL Optimization Phase 2 : Time (s): cpu = 00:00:24 ; elapsed = 00:00:24 . Memory (MB): peak = 2748.484 ; gain = 259.312 ; free physical = 579 ; free virtual = 2407
---------------------------------------------------------------------------------
---------------------------------------------------------------------------------
Start RTL Component Statistics 
---------------------------------------------------------------------------------
Detailed RTL Component Info : 
---------------------------------------------------------------------------------
Finished RTL Component Statistics 
---------------------------------------------------------------------------------
---------------------------------------------------------------------------------
Start Part Resource Summary
---------------------------------------------------------------------------------
Part Resources:
DSPs: 1728 (col length:144)
BRAMs: 624 (col length: RAMB18 144 RAMB36 72)
---------------------------------------------------------------------------------
Finished Part Resource Summary
---------------------------------------------------------------------------------
---------------------------------------------------------------------------------
Start Cross Boundary and Area Optimization
---------------------------------------------------------------------------------
WARNING: [Synth 8-7080] Parallel synthesis criteria is not met
---------------------------------------------------------------------------------
Finished Cross Boundary and Area Optimization : Time (s): cpu = 00:00:25 ; elapsed = 00:00:26 . Memory (MB): peak = 2748.484 ; gain = 259.312 ; free physical = 551 ; free virtual = 2383
---------------------------------------------------------------------------------
---------------------------------------------------------------------------------
Start Applying XDC Timing Constraints
---------------------------------------------------------------------------------
---------------------------------------------------------------------------------
Finished Applying XDC Timing Constraints : Time (s): cpu = 00:00:38 ; elapsed = 00:00:39 . Memory (MB): peak = 3386.270 ; gain = 897.098 ; free physical = 182 ; free virtual = 1850
---------------------------------------------------------------------------------
---------------------------------------------------------------------------------
Start Timing Optimization
---------------------------------------------------------------------------------
---------------------------------------------------------------------------------
Finished Timing Optimization : Time (s): cpu = 00:00:38 ; elapsed = 00:00:39 . Memory (MB): peak = 3386.270 ; gain = 897.098 ; free physical = 182 ; free virtual = 1850
---------------------------------------------------------------------------------
---------------------------------------------------------------------------------
Start Technology Mapping
---------------------------------------------------------------------------------
---------------------------------------------------------------------------------
Finished Technology Mapping : Time (s): cpu = 00:00:38 ; elapsed = 00:00:39 . Memory (MB): peak = 3396.285 ; gain = 907.113 ; free physical = 173 ; free virtual = 1841
---------------------------------------------------------------------------------
---------------------------------------------------------------------------------
Start IO Insertion
---------------------------------------------------------------------------------
---------------------------------------------------------------------------------
Start Flattening Before IO Insertion
---------------------------------------------------------------------------------
---------------------------------------------------------------------------------
Finished Flattening Before IO Insertion
---------------------------------------------------------------------------------
---------------------------------------------------------------------------------
Start Final Netlist Cleanup
---------------------------------------------------------------------------------
---------------------------------------------------------------------------------
Finished Final Netlist Cleanup
---------------------------------------------------------------------------------
---------------------------------------------------------------------------------
Finished IO Insertion : Time (s): cpu = 00:00:43 ; elapsed = 00:00:45 . Memory (MB): peak = 3566.098 ; gain = 1076.926 ; free physical = 135 ; free virtual = 1691
---------------------------------------------------------------------------------
---------------------------------------------------------------------------------
Start Renaming Generated Instances
---------------------------------------------------------------------------------
---------------------------------------------------------------------------------
Finished Renaming Generated Instances : Time (s): cpu = 00:00:43 ; elapsed = 00:00:45 . Memory (MB): peak = 3566.098 ; gain = 1076.926 ; free physical = 135 ; free virtual = 1691
---------------------------------------------------------------------------------
---------------------------------------------------------------------------------
Start Rebuilding User Hierarchy
---------------------------------------------------------------------------------
---------------------------------------------------------------------------------
Finished Rebuilding User Hierarchy : Time (s): cpu = 00:00:43 ; elapsed = 00:00:45 . Memory (MB): peak = 3566.098 ; gain = 1076.926 ; free physical = 135 ; free virtual = 1691
---------------------------------------------------------------------------------
---------------------------------------------------------------------------------
Start Renaming Generated Ports
---------------------------------------------------------------------------------
---------------------------------------------------------------------------------
Finished Renaming Generated Ports : Time (s): cpu = 00:00:43 ; elapsed = 00:00:45 . Memory (MB): peak = 3566.098 ; gain = 1076.926 ; free physical = 135 ; free virtual = 1691
---------------------------------------------------------------------------------
---------------------------------------------------------------------------------
Start Handling Custom Attributes
---------------------------------------------------------------------------------
---------------------------------------------------------------------------------
Finished Handling Custom Attributes : Time (s): cpu = 00:00:43 ; elapsed = 00:00:45 . Memory (MB): peak = 3566.098 ; gain = 1076.926 ; free physical = 135 ; free virtual = 1691
---------------------------------------------------------------------------------
---------------------------------------------------------------------------------
Start Renaming Generated Nets
---------------------------------------------------------------------------------
---------------------------------------------------------------------------------
Finished Renaming Generated Nets : Time (s): cpu = 00:00:43 ; elapsed = 00:00:45 . Memory (MB): peak = 3566.098 ; gain = 1076.926 ; free physical = 135 ; free virtual = 1691
---------------------------------------------------------------------------------
---------------------------------------------------------------------------------
Start Writing Synthesis Report
---------------------------------------------------------------------------------

Report BlackBoxes: 
+------+----------------+----------+
|      |BlackBox name   |Instances |
+------+----------------+----------+
|1     |bd_0_hls_inst_0 |         1|
+------+----------------+----------+

Report Cell Usage: 
+------+--------------+------+
|      |Cell          |Count |
+------+--------------+------+
|1     |bd_0_hls_inst |     1|
+------+--------------+------+
---------------------------------------------------------------------------------
Finished Writing Synthesis Report : Time (s): cpu = 00:00:43 ; elapsed = 00:00:45 . Memory (MB): peak = 3566.098 ; gain = 1076.926 ; free physical = 135 ; free virtual = 1691
---------------------------------------------------------------------------------
Synthesis finished with 0 errors, 0 critical warnings and 1 warnings.
Synthesis Optimization Runtime : Time (s): cpu = 00:00:35 ; elapsed = 00:00:36 . Memory (MB): peak = 3566.098 ; gain = 1025.273 ; free physical = 135 ; free virtual = 1692
Synthesis Optimization Complete : Time (s): cpu = 00:00:44 ; elapsed = 00:00:45 . Memory (MB): peak = 3566.098 ; gain = 1076.926 ; free physical = 135 ; free virtual = 1692
INFO: [Project 1-571] Translating synthesized netlist
Netlist sorting complete. Time (s): cpu = 00:00:00 ; elapsed = 00:00:00 . Memory (MB): peak = 3566.098 ; gain = 0.000 ; free physical = 135 ; free virtual = 1692
INFO: [Project 1-570] Preparing netlist for logic optimization
INFO: [Opt 31-138] Pushed 0 inverter(s) to 0 load pin(s).
Netlist sorting complete. Time (s): cpu = 00:00:00 ; elapsed = 00:00:00 . Memory (MB): peak = 3566.098 ; gain = 0.000 ; free physical = 305 ; free virtual = 1867
INFO: [Project 1-111] Unisim Transformation Summary:
No Unisim elements were transformed.

Synth Design complete | Checksum: 4cf83880
INFO: [Common 17-83] Releasing license: Synthesis
22 Infos, 1 Warnings, 0 Critical Warnings and 0 Errors encountered.
synth_design completed successfully
synth_design: Time (s): cpu = 00:01:00 ; elapsed = 00:00:59 . Memory (MB): peak = 3566.098 ; gain = 2120.492 ; free physical = 309 ; free virtual = 1870
INFO: [Common 17-2834] synth_design peak Physical Memory [PSS] (MB): overall = 2787.797; main = 2680.517; forked = 269.137
INFO: [Common 17-2834] synth_design peak Virtual Memory [VSS] (MB): overall = 4328.418; main = 3492.270; forked = 917.129
INFO: [Common 17-1381] The checkpoint '/primary/Lenet_5/lenet5_hls/Lenet_HLS_Component/Lenet_HLS_Component/hls/impl/verilog/project.runs/synth_1/bd_0_wrapper.dcp' has been generated.
INFO: [Vivado 12-24828] Executing command : report_utilization -file bd_0_wrapper_utilization_synth.rpt -pb bd_0_wrapper_utilization_synth.pb
INFO: [Common 17-206] Exiting Vivado at Sat Feb  1 13:41:36 2025...
[Sat Feb  1 13:41:47 2025] synth_1 finished
wait_on_runs: Time (s): cpu = 00:03:35 ; elapsed = 00:03:55 . Memory (MB): peak = 1585.043 ; gain = 0.000 ; free physical = 2738 ; free virtual = 4298
TIMESTAMP: HLS-REPORT: synthesis open_run: 2025-02-01 13:41:47 IST
INFO: HLS-REPORT: Opening synthesis design database: open_run synth_1
Design is defaulting to impl run constrset: constrs_1
Design is defaulting to synth run part: xczu7ev-ffvc1156-2-e
INFO: [Device 21-403] Loading part xczu7ev-ffvc1156-2-e
INFO: [Project 1-454] Reading design checkpoint '/primary/Lenet_5/lenet5_hls/Lenet_HLS_Component/Lenet_HLS_Component/hls/impl/verilog/project.gen/sources_1/bd/bd_0/ip/bd_0_hls_inst_0/bd_0_hls_inst_0.dcp' for cell 'bd_0_i/hls_inst'
Netlist sorting complete. Time (s): cpu = 00:00:00.17 ; elapsed = 00:00:00.18 . Memory (MB): peak = 2580.016 ; gain = 0.000 ; free physical = 1640 ; free virtual = 3216
INFO: [Netlist 29-17] Analyzing 482 Unisim elements for replacement
INFO: [Netlist 29-28] Unisim Transformation completed in 0 CPU seconds
INFO: [Project 1-479] Netlist was created with Vivado 2024.2
INFO: [Project 1-570] Preparing netlist for logic optimization
Parsing XDC File [/primary/Lenet_5/lenet5_hls/Lenet_HLS_Component/Lenet_HLS_Component/hls/impl/verilog/lenet5.xdc]
create_clock: Time (s): cpu = 00:00:06 ; elapsed = 00:00:06 . Memory (MB): peak = 2604.027 ; gain = 0.000 ; free physical = 1660 ; free virtual = 3234
Finished Parsing XDC File [/primary/Lenet_5/lenet5_hls/Lenet_HLS_Component/Lenet_HLS_Component/hls/impl/verilog/lenet5.xdc]
INFO: [Opt 31-138] Pushed 0 inverter(s) to 0 load pin(s).
Netlist sorting complete. Time (s): cpu = 00:00:00 ; elapsed = 00:00:00.01 . Memory (MB): peak = 2893.855 ; gain = 0.000 ; free physical = 1370 ; free virtual = 2944
INFO: [Project 1-111] Unisim Transformation Summary:
  A total of 37 instances were transformed.
  DSP48E1 => DSP48E2 (DSP_ALU, DSP_A_B_DATA, DSP_C_DATA, DSP_MULTIPLIER, DSP_M_DATA, DSP_OUTPUT, DSP_PREADD, DSP_PREADD_DATA): 37 instances

open_run: Time (s): cpu = 00:00:28 ; elapsed = 00:00:29 . Memory (MB): peak = 2893.855 ; gain = 1308.812 ; free physical = 1370 ; free virtual = 2944
TIMESTAMP: HLS-REPORT: synthesis generate_reports_vivado: 2025-02-01 13:42:16 IST
INFO: HLS-REPORT: Running report: report_utilization -file ./report/lenet5_utilization_synth.rpt
INFO: HLS-REPORT: Running report: report_utilization -hierarchical -hierarchical_depth 7 -file ./report/lenet5_utilization_hierarchical_synth.rpt
INFO: HLS-REPORT: Running report: report_timing_summary -file ./report/lenet5_timing_synth.rpt
INFO: [Timing 38-35] Done setting XDC timing constraints.
INFO: [Timing 38-91] UpdateTimingParams: Speed grade: -2, Temperature grade: E, Delay Type: min_max.
INFO: [Timing 38-191] Multithreading enabled for timing update using a maximum of 8 CPUs
WARNING: [Timing 38-242] The property HD.CLK_SRC of clock port "ap_clk" is not set. In out-of-context mode, this prevents timing estimation for clock delay/skew
Resolution: Set the HD.CLK_SRC property of the out-of-context port to the location of the clock buffer instance in the top-level design
report_timing_summary: Time (s): cpu = 00:00:33 ; elapsed = 00:00:25 . Memory (MB): peak = 4216.695 ; gain = 1322.840 ; free physical = 195 ; free virtual = 1841
INFO: HLS-REPORT: Running report: report_power -file ./report/lenet5_power_synth.rpt -xpe ./lenet5_power.xpe
Command: report_power -file ./report/lenet5_power_synth.rpt -xpe ./lenet5_power.xpe
Running Vector-less Activity Propagation...

Finished Running Vector-less Activity Propagation
12 Infos, 2 Warnings, 0 Critical Warnings and 0 Errors encountered.
report_power completed successfully
INFO: HLS-REPORT: Running report: report_timing -max_paths 10 -file ./report/lenet5_timing_paths_synth.rpt
INFO: [Timing 38-91] UpdateTimingParams: Speed grade: -2, Temperature grade: E, Delay Type: max.
INFO: [Timing 38-191] Multithreading enabled for timing update using a maximum of 8 CPUs
INFO: [Timing 38-78] ReportTimingParams: -max_paths 10 -nworst 1 -delay_type max -sort_by slack.
INFO: HLS-REPORT: Running report: report_design_analysis -file ./report/lenet5_design_analysis_synth.rpt
INFO: [Implflow 30-839]  
INFO: HLS-REPORT: Running report: ::tclapp::xilinx::designutils::report_failfast -detailed_report synth -file ./report/lenet5_failfast_synth.rpt
 -I- design metrics completed in 1 seconds
 -I- DONT_TOUCH metric completed in 0 seconds
 -I- MARK_DEBUG metric completed in 1 seconds
 -I- utilization metrics completed in 1 seconds
 -I- control set metrics completed in 0 seconds
 -I- methodology check metrics completed in 2 seconds
 -I- average fanout metrics completed in 3 seconds (0 modules)
 -I- non-FD high fanout nets completed in 1 seconds
 -I- path budgeting metrics completed in 1 seconds
#  +-----------------------------------------------------------------------------------------+
#  | Design Summary                                                                          |
#  | design_1                                                                                |
#  | xczu7ev-ffvc1156-2-e                                                                    |
#  +-----------------------------------------------------------+-----------+--------+--------+
#  | Criteria                                                  | Guideline | Actual | Status |
#  +-----------------------------------------------------------+-----------+--------+--------+
#  | LUT                                                       | 70%       | 2.03%  | OK     |
#  | FD                                                        | 50%       | 0.67%  | OK     |
#  | LUTRAM+SRL                                                | 25%       | 0.26%  | OK     |
#  | CARRY8                                                    | 25%       | 0.69%  | OK     |
#  | MUXF7                                                     | 15%       | 0.21%  | OK     |
#  | DSP                                                       | 80%       | 2.14%  | OK     |
#  | RAMB/FIFO                                                 | 80%       | 2.24%  | OK     |
#  | URAM                                                      | 80%       | 0.00%  | OK     |
#  | DSP+RAMB+URAM (Avg)                                       | 70%       | 2.19%  | OK     |
#  | BUFGCE* + BUFGCTRL                                        | 24        | 0      | OK     |
#  | DONT_TOUCH (cells/nets)                                   | 0         | 0      | OK     |
#  | MARK_DEBUG (nets)                                         | 0         | 0      | OK     |
#  | Control Sets                                              | 4320      | 23     | OK     |
#  | Average Fanout for modules > 100k cells                   | 4         | 1.35   | OK     |
#  | Max Average Fanout for modules > 100k cells               | 4         | 0      | OK     |
#  | Non-FD high fanout nets > 10k loads                       | 0         | 0      | OK     |
#  +-----------------------------------------------------------+-----------+--------+--------+
#  | TIMING-6 (No common primary clock between related clocks) | 0         | 0      | OK     |
#  | TIMING-7 (No common node between related clocks)          | 0         | 0      | OK     |
#  | TIMING-8 (No common period between related clocks)        | 0         | 0      | OK     |
#  | TIMING-14 (LUT on the clock tree)                         | 0         | 0      | OK     |
#  | TIMING-35 (No common node in paths with the same clock)   | 0         | 0      | OK     |
#  +-----------------------------------------------------------+-----------+--------+--------+
#  | Number of paths above max LUT budgeting (0.300ns)         | 0         | 0      | OK     |
#  | Number of paths above max Net budgeting (0.208ns)         | 0         | 0      | OK     |
#  +-----------------------------------------------------------+-----------+--------+--------+
 -I- Generated file /primary/Lenet_5/lenet5_hls/Lenet_HLS_Component/Lenet_HLS_Component/hls/impl/verilog/report/lenet5_failfast_synth.rpt
 -I- Number of criteria to review: 0
 -I- This report should be run before placing the design and uses conservative guidelines beyond which runtime and timing closure will likely be more challenging
 -I- report_failfast completed in 10 seconds
TIMESTAMP: HLS-REPORT: synthesis gen_data_dict_vivado: 2025-02-01 13:42:56 IST
TIMESTAMP: HLS-REPORT: synth extract_util_hier: 2025-02-01 13:42:56 IST
TIMESTAMP: HLS-REPORT: synth get_cell_hier_data: 2025-02-01 13:42:56 IST
TIMESTAMP: HLS-REPORT: synth get_timing_paths: 2025-02-01 13:42:56 IST
TIMESTAMP: HLS-REPORT: synth process timing paths: 2025-02-01 13:42:56 IST
TIMESTAMP: HLS-REPORT: synth get_all_vv_rpt_files: 2025-02-01 13:42:56 IST
TIMESTAMP: HLS-REPORT: synthesis write_reports_vivado: 2025-02-01 13:42:56 IST
HLS EXTRACTION: synth area_totals:  0 230400 460800 1728 624 0 96
HLS EXTRACTION: synth area_current: 0 4677 3083 37 14 12 260 0 0 0
HLS EXTRACTION: synth resources_dict: AVAIL_LUT 230400 LUT 4677 AVAIL_FF 460800 FF 3083 AVAIL_DSP 1728 DSP 37 AVAIL_BRAM 624 BRAM 14 AVAIL_URAM 96 URAM 0 LATCH 12 SRL 260 AVAIL_CLB 0 CLB 0
INFO: HLS-REPORT: generated /primary/Lenet_5/lenet5_hls/Lenet_HLS_Component/Lenet_HLS_Component/hls/impl/verilog/report/vivado_syn.xml
INFO: HLS-REPORT: generated /primary/Lenet_5/lenet5_hls/Lenet_HLS_Component/Lenet_HLS_Component/hls/impl/report/verilog/lenet5_export.rpt


Implementation tool: Xilinx Vivado v.2024.2
Project:             Lenet_HLS_Component
Solution:            hls
Device target:       xczu7ev-ffvc1156-2-e
Report date:         Sat Feb 01 13:42:56 IST 2025

#=== Post-Synthesis Resource usage ===
SLICE:            0
LUT:           4677
FF:            3083
DSP:             37
BRAM:            14
URAM:             0
LATCH:           12
SRL:            260
CLB:              0

#=== Final timing ===
CP required:                     10.000
CP achieved post-synthesis:      4.020
Timing met

TIMESTAMP: HLS-REPORT: synthesis end: 2025-02-01 13:42:56 IST
# if { $has_impl } {
#   # launch run impl
#   if { [llength $impl_props] } {
#     set_property -dict $impl_props [get_runs impl_1]
#   }
#   launch_runs impl_1
#   wait_on_run impl_1
#   # impl reports
#   hls_vivado_reports_impl impl_1 $report_options
# }
INFO: [Timing 38-480] Writing timing data to binary archive.
Write ShapeDB Complete: Time (s): cpu = 00:00:00.09 ; elapsed = 00:00:00.03 . Memory (MB): peak = 4304.738 ; gain = 0.000 ; free physical = 215 ; free virtual = 1826
WARNING: [Common 17-210] 'write_hwdef' is deprecated.
[Sat Feb  1 13:42:58 2025] Launched impl_1...
Run output will be captured here: /primary/Lenet_5/lenet5_hls/Lenet_HLS_Component/Lenet_HLS_Component/hls/impl/verilog/project.runs/impl_1/runme.log
[Sat Feb  1 13:42:58 2025] Waiting for impl_1 to finish...
WARNING: /work/Xilinx/Vivado/2024.2/tps/lnx64/jre11.0.16_1 does not exist.

*** Running vivado
    with args -log bd_0_wrapper.vdi -applog -m64 -product Vivado -messageDb vivado.pb -mode batch -source bd_0_wrapper.tcl -notrace

WARNING: /work/Xilinx/Vivado/2024.2/tps/lnx64/jre11.0.16_1 does not exist.

****** Vivado v2024.2 (64-bit)
  **** SW Build 5239630 on Fri Nov 08 22:34:34 MST 2024
  **** IP Build 5239520 on Sun Nov 10 16:12:51 MST 2024
  **** SharedData Build 5239561 on Fri Nov 08 14:39:27 MST 2024
  **** Start of session at: Sat Feb  1 13:43:02 2025
    ** Copyright 1986-2022 Xilinx, Inc. All Rights Reserved.
    ** Copyright 2022-2024 Advanced Micro Devices, Inc. All Rights Reserved.

source bd_0_wrapper.tcl -notrace
INFO: Dispatch client connection id - 45685
Command: open_checkpoint /primary/Lenet_5/lenet5_hls/Lenet_HLS_Component/Lenet_HLS_Component/hls/impl/verilog/project.runs/impl_1/bd_0_wrapper.dcp
INFO: [Device 21-403] Loading part xczu7ev-ffvc1156-2-e
Netlist sorting complete. Time (s): cpu = 00:00:00.17 ; elapsed = 00:00:00.17 . Memory (MB): peak = 2459.473 ; gain = 0.000 ; free physical = 171 ; free virtual = 401
INFO: [Netlist 29-17] Analyzing 482 Unisim elements for replacement
INFO: [Netlist 29-28] Unisim Transformation completed in 0 CPU seconds
INFO: [Project 1-479] Netlist was created with Vivado 2024.2
INFO: [Project 1-570] Preparing netlist for logic optimization
Read ShapeDB Complete: Time (s): cpu = 00:00:00.01 ; elapsed = 00:00:00.02 . Memory (MB): peak = 2459.473 ; gain = 0.000 ; free physical = 136 ; free virtual = 395
INFO: [Timing 38-478] Restoring timing data from binary archive.
INFO: [Timing 38-479] Binary timing data restore complete.
INFO: [Project 1-856] Restoring constraints from binary archive.
INFO: [Project 1-853] Binary constraint restore complete.
