INFO: [HLS 200-2005] Using work_dir /primary/Lenet_5/lenet5_hls/Lenet_HLS_Component/Lenet_HLS_Component 
INFO: [HLS 200-1611] Setting target device to 'xczu7ev-ffvc1156-2-e'
INFO: [HLS 200-1505] Using default flow_target 'vivado'
Resolution: For help on HLS 200-1505 see docs.xilinx.com/access/sources/dita/topic?Doc_Version=2024.2%20English&url=ug1448-hls-guidance&resourceid=200-1505.html
WARNING: [HLS 200-2001] file not found '/primary/Lenet_5/lenet5_hls/lenet5/hw_layers/image_pool.h' see [hls] from /primary/Lenet_5/lenet5_hls/Lenet_HLS_Component/hls_config.cfg(14)
INFO: [HLS 200-1465] Applying ini 'syn.file=/primary/Lenet_5/lenet5_hls/lenet5/hw_layers/activation.cpp' from /primary/Lenet_5/lenet5_hls/Lenet_HLS_Component/hls_config.cfg(8)
INFO: [HLS 200-10] Adding design file '/primary/Lenet_5/lenet5_hls/lenet5/hw_layers/activation.cpp' to the project
INFO: [HLS 200-1465] Applying ini 'syn.file=/primary/Lenet_5/lenet5_hls/lenet5/hw_layers/activation.h' from /primary/Lenet_5/lenet5_hls/Lenet_HLS_Component/hls_config.cfg(9)
INFO: [HLS 200-10] Adding design file '/primary/Lenet_5/lenet5_hls/lenet5/hw_layers/activation.h' to the project
INFO: [HLS 200-1465] Applying ini 'syn.file=/primary/Lenet_5/lenet5_hls/lenet5/hw_layers/image_convolution.cpp' from /primary/Lenet_5/lenet5_hls/Lenet_HLS_Component/hls_config.cfg(10)
INFO: [HLS 200-10] Adding design file '/primary/Lenet_5/lenet5_hls/lenet5/hw_layers/image_convolution.cpp' to the project
INFO: [HLS 200-1465] Applying ini 'syn.file=/primary/Lenet_5/lenet5_hls/lenet5/hw_layers/image_convolution.h' from /primary/Lenet_5/lenet5_hls/Lenet_HLS_Component/hls_config.cfg(11)
INFO: [HLS 200-10] Adding design file '/primary/Lenet_5/lenet5_hls/lenet5/hw_layers/image_convolution.h' to the project
INFO: [HLS 200-1465] Applying ini 'syn.file=/primary/Lenet_5/lenet5_hls/lenet5/hw_layers/image_fullyconnected.h' from /primary/Lenet_5/lenet5_hls/Lenet_HLS_Component/hls_config.cfg(12)
INFO: [HLS 200-10] Adding design file '/primary/Lenet_5/lenet5_hls/lenet5/hw_layers/image_fullyconnected.h' to the project
INFO: [HLS 200-1465] Applying ini 'syn.file=/primary/Lenet_5/lenet5_hls/lenet5/hw_layers/image_pool.cpp' from /primary/Lenet_5/lenet5_hls/Lenet_HLS_Component/hls_config.cfg(13)
INFO: [HLS 200-10] Adding design file '/primary/Lenet_5/lenet5_hls/lenet5/hw_layers/image_pool.cpp' to the project
INFO: [HLS 200-1465] Applying ini 'syn.file=/primary/Lenet_5/lenet5_hls/lenet5/hw_layers/image_pool.h' from /primary/Lenet_5/lenet5_hls/Lenet_HLS_Component/hls_config.cfg(14)
WARNING: [HLS 200-40] Cannot find design file '/primary/Lenet_5/lenet5_hls/lenet5/hw_layers/image_pool.h'
INFO: [HLS 200-1465] Applying ini 'syn.file=/primary/Lenet_5/lenet5_hls/lenet5/classify_lib.h' from /primary/Lenet_5/lenet5_hls/Lenet_HLS_Component/hls_config.cfg(15)
INFO: [HLS 200-10] Adding design file '/primary/Lenet_5/lenet5_hls/lenet5/classify_lib.h' to the project
INFO: [HLS 200-1465] Applying ini 'syn.file=/primary/Lenet_5/lenet5_hls/lenet5/common.h' from /primary/Lenet_5/lenet5_hls/Lenet_HLS_Component/hls_config.cfg(16)
INFO: [HLS 200-10] Adding design file '/primary/Lenet_5/lenet5_hls/lenet5/common.h' to the project
INFO: [HLS 200-1465] Applying ini 'syn.file=/primary/Lenet_5/lenet5_hls/lenet5/hw_layers/image_pool.hpp' from /primary/Lenet_5/lenet5_hls/Lenet_HLS_Component/hls_config.cfg(17)
INFO: [HLS 200-10] Adding design file '/primary/Lenet_5/lenet5_hls/lenet5/hw_layers/image_pool.hpp' to the project
INFO: [HLS 200-1465] Applying ini 'syn.file=Lenet.cpp' from /primary/Lenet_5/lenet5_hls/Lenet_HLS_Component/hls_config.cfg(18)
INFO: [HLS 200-10] Adding design file '/primary/Lenet_5/lenet5_hls/Lenet_HLS_Component/Lenet.cpp' to the project
INFO: [HLS 200-1465] Applying ini 'syn.file=lenet5.hpp' from /primary/Lenet_5/lenet5_hls/Lenet_HLS_Component/hls_config.cfg(19)
INFO: [HLS 200-10] Adding design file '/primary/Lenet_5/lenet5_hls/Lenet_HLS_Component/lenet5.hpp' to the project
INFO: [HLS 200-1465] Applying ini 'syn.file=Weights_Conv1.h' from /primary/Lenet_5/lenet5_hls/Lenet_HLS_Component/hls_config.cfg(20)
INFO: [HLS 200-10] Adding design file '/primary/Lenet_5/lenet5_hls/Lenet_HLS_Component/Weights_Conv1.h' to the project
INFO: [HLS 200-1465] Applying ini 'syn.file=Weights_Pool1.h' from /primary/Lenet_5/lenet5_hls/Lenet_HLS_Component/hls_config.cfg(21)
INFO: [HLS 200-10] Adding design file '/primary/Lenet_5/lenet5_hls/Lenet_HLS_Component/Weights_Pool1.h' to the project
INFO: [HLS 200-1465] Applying ini 'syn.file=Weights_Pool2.h' from /primary/Lenet_5/lenet5_hls/Lenet_HLS_Component/hls_config.cfg(22)
INFO: [HLS 200-10] Adding design file '/primary/Lenet_5/lenet5_hls/Lenet_HLS_Component/Weights_Pool2.h' to the project
INFO: [HLS 200-1465] Applying ini 'syn.file=Wfc2.h' from /primary/Lenet_5/lenet5_hls/Lenet_HLS_Component/hls_config.cfg(23)
INFO: [HLS 200-10] Adding design file '/primary/Lenet_5/lenet5_hls/Lenet_HLS_Component/Wfc2.h' to the project
INFO: [HLS 200-1465] Applying ini 'syn.top=lenet5' from /primary/Lenet_5/lenet5_hls/Lenet_HLS_Component/hls_config.cfg(7)
INFO: [HLS 200-1465] Applying ini 'flow_target=vivado' from /primary/Lenet_5/lenet5_hls/Lenet_HLS_Component/hls_config.cfg(4)
INFO: [HLS 200-1505] Using flow_target 'vivado'
Resolution: For help on HLS 200-1505 see docs.xilinx.com/access/sources/dita/topic?Doc_Version=2024.2%20English&url=ug1448-hls-guidance&resourceid=200-1505.html
INFO: [HLS 200-1465] Applying ini 'part=xczu7ev-ffvc1156-2-e' from /primary/Lenet_5/lenet5_hls/Lenet_HLS_Component/hls_config.cfg(1)
INFO: [HLS 200-1465] Applying ini 'package.output.format=ip_catalog' from /primary/Lenet_5/lenet5_hls/Lenet_HLS_Component/hls_config.cfg(5)
INFO: [IMPL 213-8] Exporting RTL as a Vivado IP.
WARNING: /work/Xilinx/Vivado/2024.2/tps/lnx64/jre11.0.16_1 does not exist.

****** Vivado v2024.2 (64-bit)
  **** SW Build 5239630 on Fri Nov 08 22:34:34 MST 2024
  **** IP Build 5239520 on Sun Nov 10 16:12:51 MST 2024
  **** SharedData Build 5239561 on Fri Nov 08 14:39:27 MST 2024
  **** Start of session at: Fri Jan 31 22:03:14 2025
    ** Copyright 1986-2022 Xilinx, Inc. All Rights Reserved.
    ** Copyright 2022-2024 Advanced Micro Devices, Inc. All Rights Reserved.

source run_ippack.tcl -notrace
INFO: calling package_hls_ip ip_types=vitis sysgen json_file=/primary/Lenet_5/lenet5_hls/Lenet_HLS_Component/Lenet_HLS_Component/hls/hls_data.json outdir=/primary/Lenet_5/lenet5_hls/Lenet_HLS_Component/Lenet_HLS_Component/hls/impl/ip srcdir=/primary/Lenet_5/lenet5_hls/Lenet_HLS_Component/Lenet_HLS_Component/hls sort_interfaces_ports=false
INFO: Copied 1 ipmisc file(s) to /primary/Lenet_5/lenet5_hls/Lenet_HLS_Component/Lenet_HLS_Component/hls/impl/ip/misc
INFO: Copied 19 verilog file(s) to /primary/Lenet_5/lenet5_hls/Lenet_HLS_Component/Lenet_HLS_Component/hls/impl/ip/hdl/verilog
INFO: Copied 18 vhdl file(s) to /primary/Lenet_5/lenet5_hls/Lenet_HLS_Component/Lenet_HLS_Component/hls/impl/ip/hdl/vhdl
Generating 4 subcores in /primary/Lenet_5/lenet5_hls/Lenet_HLS_Component/Lenet_HLS_Component/hls/impl/ip/hdl/ip.tmp:
impl/misc/lenet5_fadd_32ns_32ns_32_4_full_dsp_1_ip.tcl
impl/misc/lenet5_fdiv_32ns_32ns_32_9_no_dsp_1_ip.tcl
impl/misc/lenet5_fexp_32ns_32ns_32_8_full_dsp_1_ip.tcl
impl/misc/lenet5_fmul_32ns_32ns_32_3_max_dsp_1_ip.tcl
INFO: Using COE_DIR=/primary/Lenet_5/lenet5_hls/Lenet_HLS_Component/Lenet_HLS_Component/hls/impl/ip/hdl/verilog
INFO: Generating lenet5_fadd_32ns_32ns_32_4_full_dsp_1_ip via file impl/misc/lenet5_fadd_32ns_32ns_32_4_full_dsp_1_ip.tcl
INFO: [IP_Flow 19-234] Refreshing IP repositories
INFO: [IP_Flow 19-1704] No user IP repositories specified
INFO: [IP_Flow 19-2313] Loaded Vivado IP repository '/work/Xilinx/Vivado/2024.2/data/ip'.
INFO: [IP_Flow 19-1686] Generating 'Synthesis' target for IP 'lenet5_fadd_32ns_32ns_32_4_full_dsp_1_ip'...
INFO: [IP_Flow 19-1686] Generating 'Simulation' target for IP 'lenet5_fadd_32ns_32ns_32_4_full_dsp_1_ip'...
INFO: Done generating lenet5_fadd_32ns_32ns_32_4_full_dsp_1_ip via file impl/misc/lenet5_fadd_32ns_32ns_32_4_full_dsp_1_ip.tcl
INFO: Generating lenet5_fdiv_32ns_32ns_32_9_no_dsp_1_ip via file impl/misc/lenet5_fdiv_32ns_32ns_32_9_no_dsp_1_ip.tcl
INFO: [IP_Flow 19-1686] Generating 'Synthesis' target for IP 'lenet5_fdiv_32ns_32ns_32_9_no_dsp_1_ip'...
INFO: [IP_Flow 19-1686] Generating 'Simulation' target for IP 'lenet5_fdiv_32ns_32ns_32_9_no_dsp_1_ip'...
INFO: Done generating lenet5_fdiv_32ns_32ns_32_9_no_dsp_1_ip via file impl/misc/lenet5_fdiv_32ns_32ns_32_9_no_dsp_1_ip.tcl
INFO: Generating lenet5_fexp_32ns_32ns_32_8_full_dsp_1_ip via file impl/misc/lenet5_fexp_32ns_32ns_32_8_full_dsp_1_ip.tcl
INFO: [IP_Flow 19-1686] Generating 'Synthesis' target for IP 'lenet5_fexp_32ns_32ns_32_8_full_dsp_1_ip'...
INFO: [IP_Flow 19-1686] Generating 'Simulation' target for IP 'lenet5_fexp_32ns_32ns_32_8_full_dsp_1_ip'...
INFO: Done generating lenet5_fexp_32ns_32ns_32_8_full_dsp_1_ip via file impl/misc/lenet5_fexp_32ns_32ns_32_8_full_dsp_1_ip.tcl
INFO: Generating lenet5_fmul_32ns_32ns_32_3_max_dsp_1_ip via file impl/misc/lenet5_fmul_32ns_32ns_32_3_max_dsp_1_ip.tcl
INFO: [IP_Flow 19-1686] Generating 'Synthesis' target for IP 'lenet5_fmul_32ns_32ns_32_3_max_dsp_1_ip'...
INFO: [IP_Flow 19-1686] Generating 'Simulation' target for IP 'lenet5_fmul_32ns_32ns_32_3_max_dsp_1_ip'...
INFO: Done generating lenet5_fmul_32ns_32ns_32_3_max_dsp_1_ip via file impl/misc/lenet5_fmul_32ns_32ns_32_3_max_dsp_1_ip.tcl
INFO: Import ports from HDL: /primary/Lenet_5/lenet5_hls/Lenet_HLS_Component/Lenet_HLS_Component/hls/impl/ip/hdl/vhdl/lenet5.vhd (lenet5)
INFO: Add clock interface ap_clk
INFO: Add reset interface ap_rst
INFO: Add ap_ctrl interface ap_ctrl
INFO: Add data interface input_layer_address0
INFO: [IP_Flow 19-234] Refreshing IP repositories
INFO: [IP_Flow 19-1704] No user IP repositories specified
INFO: [IP_Flow 19-2313] Loaded Vivado IP repository '/work/Xilinx/Vivado/2024.2/data/ip'.
INFO: Add data interface input_layer_q0
INFO: Add data interface output_r
INFO: Calling post_process_vitis to specialize IP
INFO: Calling post_process_sysgen to specialize IP
Generating sysgen info xml from json file
INFO: Created IP /primary/Lenet_5/lenet5_hls/Lenet_HLS_Component/Lenet_HLS_Component/hls/impl/ip/component.xml
INFO: Created IP archive /primary/Lenet_5/lenet5_hls/Lenet_HLS_Component/Lenet_HLS_Component/hls/impl/ip/xilinx_com_hls_lenet5_1_0.zip
INFO: [Common 17-206] Exiting Vivado at Fri Jan 31 22:03:31 2025...
INFO: [IMPL 213-8] Starting RTL evaluation using Vivado ...
WARNING: /work/Xilinx/Vivado/2024.2/tps/lnx64/jre11.0.16_1 does not exist.

****** Vivado v2024.2 (64-bit)
  **** SW Build 5239630 on Fri Nov 08 22:34:34 MST 2024
  **** IP Build 5239520 on Sun Nov 10 16:12:51 MST 2024
  **** SharedData Build 5239561 on Fri Nov 08 14:39:27 MST 2024
  **** Start of session at: Fri Jan 31 22:03:45 2025
    ** Copyright 1986-2022 Xilinx, Inc. All Rights Reserved.
    ** Copyright 2022-2024 Advanced Micro Devices, Inc. All Rights Reserved.

source run_vivado.tcl
# source ./settings.tcl
## set top_module lenet5
## set language verilog
## set family zynquplus
## set device xczu7ev
## set package -ffvc1156
## set speed -2-e
## set clock ap_clk
## set fsm_ext "off"
## set add_io_buffers false 
# source -notrace ./extraction.tcl
# set vivado_proj_name project
# set vivado_proj_dir .
# set target_device "${device}${package}${speed}"
# set target_clk_period_ns "10.000"
# set target_clk_freq_hz [expr {floor(1000 / $target_clk_period_ns) * 1000000}]
# set other_clks_freq_hz {}
# set ip_vlnv xilinx.com:hls:lenet5:1.0
# set ip_repo_path ../ip
# set bd_design_name bd_0
# set bd_inst_name hls_inst
# set bd_props {}
# set has_synth true
# set synth_design_args {-directive sdx_optimization_effort_high}
# set synth_dcp ""
# set synth_props {}
# set has_impl 1
# set impl_props {}
# set report_options [dict create]
# dict set report_options report_level 2
# dict set report_options report_max_paths 10
# dict set report_options stdout_hls_reports 1
# dict set report_options stdout_vivado_reports 0
# dict set report_options hls_project Lenet_HLS_Component
# dict set report_options hls_solution hls
# dict set report_options has_synth $has_synth
# dict set report_options has_impl $has_impl
# dict set report_options vivado_reportbasename $top_module
# dict set report_options vivado_reportdir ./report
# dict set report_options hls_impl_dir ..
# dict set report_options hls_reportdir ../report/$language
# dict set report_options target_clk_period $target_clk_period_ns
# dict set report_options target_device $target_device
# dict set report_options language $language
# dict set report_options clock_name $clock
# dict set report_options error_if_impl_timing_fails false
# dict set report_options topmodule "lenet5"
# dict set report_options funcmodules {lenet5_CONVOLUTION_LAYER_1_Pipeline_copy_input_2_copy_input_3 lenet5_CONVOLUTION_LAYER_1_Pipeline_ROW_K_COL_K_ROW_COL lenet5_CONVOLUTION_LAYER_1_Pipeline_VITIS_LOOP_101_2_VITIS_LOOP_102_3 lenet5_CONVOLUTION_LAYER_1}
# dict set report_options bindmodules {lenet5_flow_control_loop_pipe_sequential_init lenet5_fadd_32ns_32ns_32_4_full_dsp_1 lenet5_fmul_32ns_32ns_32_3_max_dsp_1 lenet5_CONVOLUTION_LAYER_1_Pipeline_ROW_K_COL_K_ROW_COL_WBRAM_5_RAM_AUTO_1R1W lenet5_fdiv_32ns_32ns_32_9_no_dsp_1 lenet5_fexp_32ns_32ns_32_8_full_dsp_1 lenet5_sparsemux_13_3_32_1_1 lenet5_urem_10ns_4ns_3_14_1 lenet5_mul_13ns_15ns_27_1_1 lenet5_mac_muladd_10ns_3ns_10ns_13_4_1 lenet5_CONVOLUTION_LAYER_1_Pipeline_VITIS_LOOP_101_2_VITIS_LOOP_102_3_hconv1_local_lbkb lenet5_CONVOLUTION_LAYER_1_IBRAM_RAM_AUTO_1R1W lenet5_CONVOLUTION_LAYER_1_OBRAM_RAM_AUTO_1R1W}
# dict set report_options max_module_depth 7
# create_project $vivado_proj_name $vivado_proj_dir -part $target_device -force
# set_property target_language $language [current_project]
# if { ![file exists $ip_repo_path] } {
#   error "Cannot find packaged HLS IP"
# }
# set_property ip_repo_paths [file normalize $ip_repo_path] [current_project]
# update_ip_catalog
INFO: [IP_Flow 19-234] Refreshing IP repositories
INFO: [IP_Flow 19-1700] Loaded user IP repository '/primary/Lenet_5/lenet5_hls/Lenet_HLS_Component/Lenet_HLS_Component/hls/impl/ip'.
INFO: [IP_Flow 19-2313] Loaded Vivado IP repository '/work/Xilinx/Vivado/2024.2/data/ip'.
# create_bd_design bd_0
Wrote  : </primary/Lenet_5/lenet5_hls/Lenet_HLS_Component/Lenet_HLS_Component/hls/impl/verilog/project.srcs/sources_1/bd/bd_0/bd_0.bd> 
# set cell_inst [create_bd_cell -type ip -vlnv $ip_vlnv $bd_inst_name]
# if { [llength $bd_props] } { 
#   set_property -dict $bd_props $cell_inst 
# }
# make_bd_pins_external $cell_inst
# make_bd_intf_pins_external $cell_inst
# set bd_clk_ports [get_bd_ports -filter {TYPE==clk}]
# if { $target_clk_freq_hz ne "" } { 
#   foreach bd_clk_port $bd_clk_ports {
#     # Remove "_0" suffix from BD ports & interfaces so they match IP ports 
#     set clk_name [regsub {_0$} [get_property name $bd_clk_port] {}]
#     set port_freq_hz $target_clk_freq_hz
#     if { [dict exists $other_clks_freq_hz $clk_name] } {
#         set port_freq_hz [dict get $other_clks_freq_hz $clk_name]
#     }
#     set_property CONFIG.FREQ_HZ $port_freq_hz $bd_clk_port
#   }
# }
# foreach bd_port [get_bd_intf_ports] {
#   set_property name [regsub {_0$} [get_property name $bd_port] {}] $bd_port
# }
# foreach bd_port [get_bd_ports -filter {INTF!=TRUE}] {
#   set_property name [regsub {_0$} [get_property name $bd_port] {}] $bd_port
# }
# set s_axi_addr_width_min 32
WARNING: [BD 5-233] No interface ports matched 'get_bd_intf_ports -filter {MODE == "Slave" && VLNV =~ "xilinx.com:interface:aximm_rtl:*"}'
# foreach bd_port [get_bd_intf_ports -filter {MODE == "Slave" && VLNV =~ "xilinx.com:interface:aximm_rtl:*"}] {
#   set bd_port_addr_width [get_property CONFIG.ADDR_WIDTH $bd_port]
#   if { $bd_port_addr_width < $s_axi_addr_width_min } {
#     puts "INFO: Updating $bd_port CONFIG.ADDR_WIDTH to $s_axi_addr_width_min"
#     set_property CONFIG.ADDR_WIDTH $s_axi_addr_width_min $bd_port
#   }
# }
# set_msg_config -id {[BD 41-1265]} -severity {CRITICAL WARNING} -new_severity {INFO}
# assign_bd_address
INFO: [BD 41-3093] Triggering Legacy Auto Assign Algorithm
Wrote  : </primary/Lenet_5/lenet5_hls/Lenet_HLS_Component/Lenet_HLS_Component/hls/impl/verilog/project.srcs/sources_1/bd/bd_0/bd_0.bd> 
Verilog Output written to : /primary/Lenet_5/lenet5_hls/Lenet_HLS_Component/Lenet_HLS_Component/hls/impl/verilog/project.gen/sources_1/bd/bd_0/synth/bd_0.v
Verilog Output written to : /primary/Lenet_5/lenet5_hls/Lenet_HLS_Component/Lenet_HLS_Component/hls/impl/verilog/project.gen/sources_1/bd/bd_0/sim/bd_0.v
Verilog Output written to : /primary/Lenet_5/lenet5_hls/Lenet_HLS_Component/Lenet_HLS_Component/hls/impl/verilog/project.gen/sources_1/bd/bd_0/hdl/bd_0_wrapper.v
# set toprtl [make_wrapper -files [get_files ${bd_design_name}.bd] -top]
# add_files -norecurse $toprtl
# set top_inst_name [file root [file tail $toprtl]]
# puts "Using BD top: $top_inst_name"
Using BD top: bd_0_wrapper
# set xdc_files [glob -nocomplain ./*.xdc]
# if { [llength $xdc_files] } {
#     add_files -fileset constrs_1 -norecurse $xdc_files
# }
# launch_runs synth_1 -scripts_only
INFO: [BD 41-1662] The design 'bd_0.bd' is already validated. Therefore parameter propagation will not be re-run.
Verilog Output written to : /primary/Lenet_5/lenet5_hls/Lenet_HLS_Component/Lenet_HLS_Component/hls/impl/verilog/project.gen/sources_1/bd/bd_0/synth/bd_0.v
Verilog Output written to : /primary/Lenet_5/lenet5_hls/Lenet_HLS_Component/Lenet_HLS_Component/hls/impl/verilog/project.gen/sources_1/bd/bd_0/sim/bd_0.v
Verilog Output written to : /primary/Lenet_5/lenet5_hls/Lenet_HLS_Component/Lenet_HLS_Component/hls/impl/verilog/project.gen/sources_1/bd/bd_0/hdl/bd_0_wrapper.v
INFO: [BD 41-1029] Generation completed for the IP Integrator block hls_inst .
Exporting to file /primary/Lenet_5/lenet5_hls/Lenet_HLS_Component/Lenet_HLS_Component/hls/impl/verilog/project.gen/sources_1/bd/bd_0/hw_handoff/bd_0.hwh
Generated Hardware Definition File /primary/Lenet_5/lenet5_hls/Lenet_HLS_Component/Lenet_HLS_Component/hls/impl/verilog/project.gen/sources_1/bd/bd_0/synth/bd_0.hwdef
INFO: [IP_Flow 19-6924] IPCACHE: Running cache check for IP inst: bd_0_hls_inst_0
WARNING: [Vivado 12-7122] Auto Incremental Compile:: No reference checkpoint was found in run synth_1. Auto-incremental flow will not be run, the standard flow will be run instead.
launch_runs: Time (s): cpu = 00:00:09 ; elapsed = 00:00:10 . Memory (MB): peak = 1587.008 ; gain = 88.043 ; free physical = 145 ; free virtual = 1185
# foreach run [get_runs -filter {IS_SYNTHESIS == 1}] {
#   reset_run [get_runs $run]
# }
# set_property XPM_LIBRARIES {XPM_MEMORY XPM_FIFO} [current_project]
# hls_vivado_reports_setup $report_options
TIMESTAMP: HLS-REPORT: initialize report directories: 2025-01-31 22:04:08 IST
# if { $has_synth || $has_impl } {
#   # synth properties setting
#   set_property -name {STEPS.SYNTH_DESIGN.ARGS.MORE OPTIONS} -value {-mode out_of_context} -objects [get_runs synth_1]
#   set ip_inst [get_ips -quiet ${bd_design_name}*${bd_inst_name}*]
#   if { ![llength $ip_inst] } {
#       error "Cannot find HLS IP instance: ${bd_design_name}*${bd_inst_name}*"
#   }
#   set synth_run [get_runs -filter {IS_SYNTHESIS == 1} ${ip_inst}*]
#   if { ![llength $synth_run] } {
#       error "Cannot find synth run for HLS IP: ${ip_inst}*"
#   }
# 
#   if { [llength $synth_design_args] } {
#       set_property -name {STEPS.SYNTH_DESIGN.ARGS.MORE OPTIONS} -value $synth_design_args -objects $synth_run
#   }
# 
#   if { [llength $synth_props] } {
#     set_property -dict $synth_props $synth_run
#   }
# 
#   # launch run synth
#   launch_runs synth_1
#   wait_on_run synth_1
#   # synth reports
#   hls_vivado_reports_synth synth_1 $report_options
#   if { $synth_dcp ne "" } {
#     file mkdir [file dirname $synth_dcp]
#     set run_dcp [glob -nocomplain [get_property DIRECTORY $synth_run]/*.dcp]
#     if { [llength $run_dcp] != 1 } { error "Cannot find single dcp file for run $synth_run" }
#     file copy -force $run_dcp $synth_dcp
#   }
# }
INFO: [IP_Flow 19-6924] IPCACHE: Running cache check for IP inst: bd_0_hls_inst_0
WARNING: [Vivado 12-7122] Auto Incremental Compile:: No reference checkpoint was found in run synth_1. Auto-incremental flow will not be run, the standard flow will be run instead.
[Fri Jan 31 22:04:08 2025] Launched bd_0_hls_inst_0_synth_1...
Run output will be captured here: /primary/Lenet_5/lenet5_hls/Lenet_HLS_Component/Lenet_HLS_Component/hls/impl/verilog/project.runs/bd_0_hls_inst_0_synth_1/runme.log
[Fri Jan 31 22:04:08 2025] Launched synth_1...
Run output will be captured here: /primary/Lenet_5/lenet5_hls/Lenet_HLS_Component/Lenet_HLS_Component/hls/impl/verilog/project.runs/synth_1/runme.log
[Fri Jan 31 22:04:08 2025] Waiting for synth_1 to finish...
WARNING: /work/Xilinx/Vivado/2024.2/tps/lnx64/jre11.0.16_1 does not exist.
